2024-01-14 00:14:17 INFO: Link not change. New link still is: https://developers.google.com/google-ads/api/fields/v15/overview
2024-01-14 00:45:57 INFO: Link was changed from None.
              to https://developers.google.com/google-ads/api/fields/v15/overview
2024-01-14 00:45:57 INFO: Link was changed from None.
              to https://developers.google.com/google-ads/api/fields/v15/overview
2024-01-14 00:55:23 INFO: Link was changed from None to https://developers.google.com/google-ads/api/fields/v15/overview
2024-01-14 00:55:23 INFO: Downloaded file to folder: inputdata/20240114_googleadsData/, with 173 files
2024-01-14 01:43:24 INFO: Transform data successfully! Result saved in folder: outputdata/20240114_googleadsData
2024-01-14 01:48:41 INFO: Transform data successfully! Result saved in folder: outputdata/20240114_googleadsData
2024-01-14 11:13:14 INFO: Link was changed from None to https://developers.google.com/google-ads/api/fields/v15/overview
2024-01-14 11:13:14 INFO: Downloaded file to folder: inputdata/20240114_googleadsData/, with 161 files
2024-01-14 11:16:57 INFO: Transform data successfully! Result saved in folder: outputdata/20240114_googleadsData
2024-01-14 11:44:15 INFO: Link was changed from None to https://developers.google.com/google-ads/api/fields/v15/overview
2024-01-14 11:44:15 INFO: Downloaded file to folder: inputdata/20240114_googleadsData/, with 173 files
2024-01-14 11:44:35 INFO: Transform data successfully! Result saved in folder: outputdata/20240114_googleadsData
2024-01-14 12:01:28 INFO: Load temporary table successfully
2024-01-14 17:09:09 INFO: -----Start check ResourceField table
2024-01-14 17:09:09 INFO: Number of record change from 2184 to 2313, different: 129
2024-01-14 17:09:11 INFO: Number of deleted field: 23 
2024-01-14 17:09:11 INFO: ('segments.product_bidding_category_level1', 'Bidding category (level 1) of the produc', 'SEGMENT', 'Deleted')
2024-01-14 17:09:11 INFO: ('segments.product_bidding_category_level2', 'Bidding category (level 2) of the produc', 'SEGMENT', 'Deleted')
2024-01-14 17:09:11 INFO: ('segments.product_bidding_category_level3', 'Bidding category (level 3) of the produc', 'SEGMENT', 'Deleted')
2024-01-14 17:09:11 INFO: ('segments.product_bidding_category_level4', 'Bidding category (level 4) of the produc', 'SEGMENT', 'Deleted')
2024-01-14 17:09:11 INFO: ('segments.product_bidding_category_level5', 'Bidding category (level 5) of the produc', 'SEGMENT', 'Deleted')
2024-01-14 17:09:11 INFO: ('metrics.sk_ad_network_conversions', 'The number of iOS Store Kit Ad Network c', 'METRIC', 'Deleted')
2024-01-14 17:09:11 INFO: ('account_link.hotel_center.hotel_center_id', 'Output only. The hotel center id of the ', 'ATTRIBUTE', 'Deleted')
2024-01-14 17:09:11 INFO: ('ad_group_ad.ad.image_ad.media_file', 'The MediaFile resource to use for the im', 'ATTRIBUTE', 'Deleted')
2024-01-14 17:09:11 INFO: ('ad_group_criterion.listing_group.case_value.product_bidding_category.id', 'ID of the product bidding category. This', 'ATTRIBUTE', 'Deleted')
2024-01-14 17:09:11 INFO: ('ad_group_criterion.listing_group.case_value.product_bidding_category.level', 'Level of the product bidding category.', 'ATTRIBUTE', 'Deleted')
2024-01-14 17:09:11 INFO: ('asset_group_listing_group_filter.case_value.product_bidding_category.id', 'ID of the product bidding category. This', 'ATTRIBUTE', 'Deleted')
2024-01-14 17:09:11 INFO: ('asset_group_listing_group_filter.case_value.product_bidding_category.level', 'Indicates the level of the category in t', 'ATTRIBUTE', 'Deleted')
2024-01-14 17:09:11 INFO: ('asset_group_listing_group_filter.vertical', 'Immutable. The vertical the current node', 'ATTRIBUTE', 'Deleted')
2024-01-14 17:09:11 INFO: ('campaign.shopping_setting.sales_country', 'Sales country of products to include in ', 'ATTRIBUTE', 'Deleted')
2024-01-14 17:09:11 INFO: ('customer.offline_conversion_client_summaries', 'Output only. Offline conversion upload d', 'ATTRIBUTE', 'Deleted')
2024-01-14 17:09:11 INFO: ('product_bidding_category_constant.country_code', 'Output only. Two-letter upper-case count', 'ATTRIBUTE', 'Deleted')
2024-01-14 17:09:11 INFO: ('product_bidding_category_constant.id', 'Output only. ID of the product bidding c', 'ATTRIBUTE', 'Deleted')
2024-01-14 17:09:11 INFO: ('product_bidding_category_constant.language_code', 'Output only. Language code of the produc', 'ATTRIBUTE', 'Deleted')
2024-01-14 17:09:11 INFO: ('product_bidding_category_constant.level', 'Output only. Level of the product biddin', 'ATTRIBUTE', 'Deleted')
2024-01-14 17:09:11 INFO: ('product_bidding_category_constant.localized_name', 'Output only. Display value of the produc', 'ATTRIBUTE', 'Deleted')
2024-01-14 17:09:11 INFO: ('product_bidding_category_constant.product_bidding_category_constant_parent', 'Output only. Resource name of the parent', 'ATTRIBUTE', 'Deleted')
2024-01-14 17:09:11 INFO: ('product_bidding_category_constant.resource_name', 'Output only. The resource name of the pr', 'ATTRIBUTE', 'Deleted')
2024-01-14 17:09:11 INFO: ('product_bidding_category_constant.status', 'Output only. Status of the product biddi', 'ATTRIBUTE', 'Deleted')
2024-01-14 17:10:00 INFO: -----Start check ResourceField table
2024-01-14 17:10:00 INFO: Number of record change from 2184 to 2313, different: 129
2024-01-14 17:10:01 INFO: Number of deleted field: 23 
2024-01-14 17:10:01 INFO: ('segments.product_bidding_category_level1', 'Bidding category (level 1) of the produc', 'SEGMENT', 'Deleted')
2024-01-14 17:10:01 INFO: ('segments.product_bidding_category_level2', 'Bidding category (level 2) of the produc', 'SEGMENT', 'Deleted')
2024-01-14 17:10:01 INFO: ('segments.product_bidding_category_level3', 'Bidding category (level 3) of the produc', 'SEGMENT', 'Deleted')
2024-01-14 17:10:01 INFO: ('segments.product_bidding_category_level4', 'Bidding category (level 4) of the produc', 'SEGMENT', 'Deleted')
2024-01-14 17:10:01 INFO: ('segments.product_bidding_category_level5', 'Bidding category (level 5) of the produc', 'SEGMENT', 'Deleted')
2024-01-14 17:10:01 INFO: ('metrics.sk_ad_network_conversions', 'The number of iOS Store Kit Ad Network c', 'METRIC', 'Deleted')
2024-01-14 17:10:01 INFO: ('account_link.hotel_center.hotel_center_id', 'Output only. The hotel center id of the ', 'ATTRIBUTE', 'Deleted')
2024-01-14 17:10:01 INFO: ('ad_group_ad.ad.image_ad.media_file', 'The MediaFile resource to use for the im', 'ATTRIBUTE', 'Deleted')
2024-01-14 17:10:01 INFO: ('ad_group_criterion.listing_group.case_value.product_bidding_category.id', 'ID of the product bidding category. This', 'ATTRIBUTE', 'Deleted')
2024-01-14 17:10:01 INFO: ('ad_group_criterion.listing_group.case_value.product_bidding_category.level', 'Level of the product bidding category.', 'ATTRIBUTE', 'Deleted')
2024-01-14 17:10:01 INFO: ('asset_group_listing_group_filter.case_value.product_bidding_category.id', 'ID of the product bidding category. This', 'ATTRIBUTE', 'Deleted')
2024-01-14 17:10:01 INFO: ('asset_group_listing_group_filter.case_value.product_bidding_category.level', 'Indicates the level of the category in t', 'ATTRIBUTE', 'Deleted')
2024-01-14 17:10:01 INFO: ('asset_group_listing_group_filter.vertical', 'Immutable. The vertical the current node', 'ATTRIBUTE', 'Deleted')
2024-01-14 17:10:01 INFO: ('campaign.shopping_setting.sales_country', 'Sales country of products to include in ', 'ATTRIBUTE', 'Deleted')
2024-01-14 17:10:01 INFO: ('customer.offline_conversion_client_summaries', 'Output only. Offline conversion upload d', 'ATTRIBUTE', 'Deleted')
2024-01-14 17:10:01 INFO: ('product_bidding_category_constant.country_code', 'Output only. Two-letter upper-case count', 'ATTRIBUTE', 'Deleted')
2024-01-14 17:10:01 INFO: ('product_bidding_category_constant.id', 'Output only. ID of the product bidding c', 'ATTRIBUTE', 'Deleted')
2024-01-14 17:10:01 INFO: ('product_bidding_category_constant.language_code', 'Output only. Language code of the produc', 'ATTRIBUTE', 'Deleted')
2024-01-14 17:10:01 INFO: ('product_bidding_category_constant.level', 'Output only. Level of the product biddin', 'ATTRIBUTE', 'Deleted')
2024-01-14 17:10:01 INFO: ('product_bidding_category_constant.localized_name', 'Output only. Display value of the produc', 'ATTRIBUTE', 'Deleted')
2024-01-14 17:10:01 INFO: ('product_bidding_category_constant.product_bidding_category_constant_parent', 'Output only. Resource name of the parent', 'ATTRIBUTE', 'Deleted')
2024-01-14 17:10:01 INFO: ('product_bidding_category_constant.resource_name', 'Output only. The resource name of the pr', 'ATTRIBUTE', 'Deleted')
2024-01-14 17:10:01 INFO: ('product_bidding_category_constant.status', 'Output only. Status of the product biddi', 'ATTRIBUTE', 'Deleted')
2024-01-14 17:10:02 INFO: Number of new field: 152 
2024-01-14 17:10:02 INFO: ('segments.product_category_level1', 'Category (level 1) of the product.', 'SEGMENT', 'New')
2024-01-14 17:10:02 INFO: ('segments.product_category_level2', 'Category (level 2) of the product.', 'SEGMENT', 'New')
2024-01-14 17:10:02 INFO: ('segments.product_category_level3', 'Category (level 3) of the product.', 'SEGMENT', 'New')
2024-01-14 17:10:02 INFO: ('segments.product_category_level4', 'Category (level 4) of the product.', 'SEGMENT', 'New')
2024-01-14 17:10:02 INFO: ('segments.product_category_level5', 'Category (level 5) of the product.', 'SEGMENT', 'New')
2024-01-14 17:10:02 INFO: ('segments.sk_ad_network_coarse_conversion_value', 'iOS Store Kit Ad Network coarse conversi', 'SEGMENT', 'New')
2024-01-14 17:10:02 INFO: ('segments.sk_ad_network_postback_sequence_index', 'iOS Store Kit Ad Network postback sequen', 'SEGMENT', 'New')
2024-01-14 17:10:02 INFO: ('segments.sk_ad_network_source_domain', 'Website where the ad that drove the iOS ', 'SEGMENT', 'New')
2024-01-14 17:10:02 INFO: ('segments.sk_ad_network_source_type', 'The source type where the ad that drove ', 'SEGMENT', 'New')
2024-01-14 17:10:02 INFO: ('metrics.average_cart_size', 'Average cart size is the average number ', 'METRIC', 'New')
2024-01-14 17:10:02 INFO: ('metrics.average_impression_frequency_per_user', 'The average number of times a unique use', 'METRIC', 'New')
2024-01-14 17:10:02 INFO: ('metrics.average_order_value_micros', 'Average order value is the average reven', 'METRIC', 'New')
2024-01-14 17:10:02 INFO: ('metrics.cost_of_goods_sold_micros', 'Cost of goods sold (COGS) is the total c', 'METRIC', 'New')
2024-01-14 17:10:02 INFO: ('metrics.cross_device_conversions_value_micros', 'The sum of the value of cross-device con', 'METRIC', 'New')
2024-01-14 17:10:02 INFO: ('metrics.cross_sell_cost_of_goods_sold_micros', 'Cross-sell cost of goods sold (COGS) is ', 'METRIC', 'New')
2024-01-14 17:10:02 INFO: ('metrics.cross_sell_gross_profit_micros', 'Cross-sell gross profit is the profit yo', 'METRIC', 'New')
2024-01-14 17:10:02 INFO: ('metrics.cross_sell_revenue_micros', 'Cross-sell revenue is the total amount y', 'METRIC', 'New')
2024-01-14 17:10:02 INFO: ('metrics.cross_sell_units_sold', 'Cross-sell units sold is the total numbe', 'METRIC', 'New')
2024-01-14 17:10:02 INFO: ('metrics.gross_profit_margin', 'Gross profit margin is the percentage gr', 'METRIC', 'New')
2024-01-14 17:10:02 INFO: ('metrics.gross_profit_micros', 'Gross profit is the profit you made from', 'METRIC', 'New')
2024-01-14 17:10:02 INFO: ('metrics.lead_cost_of_goods_sold_micros', 'Lead cost of goods sold (COGS) is the to', 'METRIC', 'New')
2024-01-14 17:10:02 INFO: ('metrics.lead_gross_profit_micros', 'Lead gross profit is the profit you made', 'METRIC', 'New')
2024-01-14 17:10:02 INFO: ('metrics.lead_revenue_micros', 'Lead revenue is the total amount you mad', 'METRIC', 'New')
2024-01-14 17:10:02 INFO: ('metrics.lead_units_sold', 'Lead units sold is the total number of p', 'METRIC', 'New')
2024-01-14 17:10:02 INFO: ('metrics.orders', 'Orders is the total number of purchase c', 'METRIC', 'New')
2024-01-14 17:10:02 INFO: ('metrics.revenue_micros', 'Revenue is the total amount you made fro', 'METRIC', 'New')
2024-01-14 17:10:02 INFO: ('metrics.sk_ad_network_installs', 'The number of iOS Store Kit Ad Network c', 'METRIC', 'New')
2024-01-14 17:10:02 INFO: ('metrics.sk_ad_network_total_conversions', 'The total number of iOS Store Kit Ad Net', 'METRIC', 'New')
2024-01-14 17:10:02 INFO: ('metrics.unique_users', 'The number of unique users who saw your ', 'METRIC', 'New')
2024-01-14 17:10:02 INFO: ('metrics.units_sold', 'Units sold is the total number of produc', 'METRIC', 'New')
2024-01-14 17:10:02 INFO: ('ad_group_ad_asset_view.source', 'Output only. Source of the ad group ad a', 'ATTRIBUTE', 'New')
2024-01-14 17:10:02 INFO: ('ad_group_ad.ad.image_ad.image_asset.asset', 'The Asset resource name of this image.', 'ATTRIBUTE', 'New')
2024-01-14 17:10:02 INFO: ('ad_group_criterion.listing_group.case_value.product_category.category_id', 'ID of the product category. This ID is e', 'ATTRIBUTE', 'New')
2024-01-14 17:10:02 INFO: ('ad_group_criterion.listing_group.case_value.product_category.level', 'Level of the product category.', 'ATTRIBUTE', 'New')
2024-01-14 17:10:02 INFO: ('android_privacy_shared_key_google_ad_group.ad_group_id', 'Output only. The ad group ID used in the', 'ATTRIBUTE', 'New')
2024-01-14 17:10:02 INFO: ('android_privacy_shared_key_google_ad_group.android_privacy_interaction_date', 'Output only. The interaction date used i', 'ATTRIBUTE', 'New')
2024-01-14 17:10:02 INFO: ('android_privacy_shared_key_google_ad_group.android_privacy_interaction_type', 'Output only. The interaction type enum u', 'ATTRIBUTE', 'New')
2024-01-14 17:10:02 INFO: ('android_privacy_shared_key_google_ad_group.android_privacy_network_type', 'Output only. The network type enum used ', 'ATTRIBUTE', 'New')
2024-01-14 17:10:02 INFO: ('android_privacy_shared_key_google_ad_group.campaign_id', 'Output only. The campaign ID used in the', 'ATTRIBUTE', 'New')
2024-01-14 17:10:02 INFO: ('android_privacy_shared_key_google_ad_group.resource_name', 'Output only. The resource name of the An', 'ATTRIBUTE', 'New')
2024-01-14 17:10:02 INFO: ('android_privacy_shared_key_google_ad_group.shared_ad_group_key', 'Output only. 128 bit hex string of the e', 'ATTRIBUTE', 'New')
2024-01-14 17:10:02 INFO: ('android_privacy_shared_key_google_campaign.android_privacy_interaction_date', 'Output only. The interaction date used i', 'ATTRIBUTE', 'New')
2024-01-14 17:10:02 INFO: ('android_privacy_shared_key_google_campaign.android_privacy_interaction_type', 'Output only. The interaction type enum u', 'ATTRIBUTE', 'New')
2024-01-14 17:10:02 INFO: ('android_privacy_shared_key_google_campaign.campaign_id', 'Output only. The campaign ID used in the', 'ATTRIBUTE', 'New')
2024-01-14 17:10:02 INFO: ('android_privacy_shared_key_google_campaign.resource_name', 'Output only. The resource name of the An', 'ATTRIBUTE', 'New')
2024-01-14 17:10:02 INFO: ('android_privacy_shared_key_google_campaign.shared_campaign_key', 'Output only. 128 bit hex string of the e', 'ATTRIBUTE', 'New')
2024-01-14 17:10:02 INFO: ('android_privacy_shared_key_google_network_type.android_privacy_interaction_date', 'Output only. The interaction date used i', 'ATTRIBUTE', 'New')
2024-01-14 17:10:02 INFO: ('android_privacy_shared_key_google_network_type.android_privacy_interaction_type', 'Output only. The interaction type enum u', 'ATTRIBUTE', 'New')
2024-01-14 17:10:02 INFO: ('android_privacy_shared_key_google_network_type.android_privacy_network_type', 'Output only. The network type enum used ', 'ATTRIBUTE', 'New')
2024-01-14 17:10:02 INFO: ('android_privacy_shared_key_google_network_type.campaign_id', 'Output only. The campaign ID used in the', 'ATTRIBUTE', 'New')
2024-01-14 17:10:02 INFO: ('android_privacy_shared_key_google_network_type.resource_name', 'Output only. The resource name of the An', 'ATTRIBUTE', 'New')
2024-01-14 17:10:02 INFO: ('android_privacy_shared_key_google_network_type.shared_network_type_key', 'Output only. 128 bit hex string of the e', 'ATTRIBUTE', 'New')
2024-01-14 17:10:02 INFO: ('asset_group_asset.source', 'Output only. Source of the asset group a', 'ATTRIBUTE', 'New')
2024-01-14 17:10:02 INFO: ('asset_group_listing_group_filter.case_value.product_category.category_id', 'ID of the product category. This ID is e', 'ATTRIBUTE', 'New')
2024-01-14 17:10:02 INFO: ('asset_group_listing_group_filter.case_value.product_category.level', 'Indicates the level of the category in t', 'ATTRIBUTE', 'New')
2024-01-14 17:10:02 INFO: ('asset_group_listing_group_filter.case_value.webpage.conditions', 'The webpage conditions are case sensitiv', 'ATTRIBUTE', 'New')
2024-01-14 17:10:02 INFO: ('asset_group_listing_group_filter.listing_source', 'Immutable. The source of listings filter', 'ATTRIBUTE', 'New')
2024-01-14 17:10:02 INFO: ('asset_group_signal.approval_status', 'Output only. Approval status is the outp', 'ATTRIBUTE', 'New')
2024-01-14 17:10:02 INFO: ('asset_group_signal.disapproval_reasons', 'Output only. Computed for SearchTheme si', 'ATTRIBUTE', 'New')
2024-01-14 17:10:02 INFO: ('asset_group_signal.search_theme.text', 'Each Search Theme has a value of a simpl', 'ATTRIBUTE', 'New')
2024-01-14 17:10:02 INFO: ('asset_group_top_combination_view.asset_group_top_combinations', 'Output only. The top combinations of ass', 'ATTRIBUTE', 'New')
2024-01-14 17:10:02 INFO: ('asset_group_top_combination_view.resource_name', 'Output only. The resource name of the as', 'ATTRIBUTE', 'New')
2024-01-14 17:10:02 INFO: ('audience.asset_group', 'Immutable. The asset group that this aud', 'ATTRIBUTE', 'New')
2024-01-14 17:10:02 INFO: ('audience.scope', 'Defines the scope this audience can be u', 'ATTRIBUTE', 'New')
2024-01-14 17:10:02 INFO: ('campaign_criterion.brand_list.shared_set', 'Shared set resource name of the brand li', 'ATTRIBUTE', 'New')
2024-01-14 17:10:02 INFO: ('campaign_lifecycle_goal.campaign', 'Output only. The campaign where the goal', 'ATTRIBUTE', 'New')
2024-01-14 17:10:02 INFO: ('campaign_lifecycle_goal.customer_acquisition_goal_settings.optimization_mode', 'Output only. Customer acquisition optimi', 'ATTRIBUTE', 'New')
2024-01-14 17:10:02 INFO: ('campaign_lifecycle_goal.customer_acquisition_goal_settings.value_settings.high_lifetime_value', 'High lifetime value of the lifecycle goa', 'ATTRIBUTE', 'New')
2024-01-14 17:10:02 INFO: ('campaign_lifecycle_goal.customer_acquisition_goal_settings.value_settings.value', 'Value of the lifecycle goal. For example', 'ATTRIBUTE', 'New')
2024-01-14 17:10:02 INFO: ('campaign_lifecycle_goal.resource_name', 'Immutable. The resource name of the cust', 'ATTRIBUTE', 'New')
2024-01-14 17:10:02 INFO: ('campaign.asset_automation_settings', 'Contains the opt-in/out status of each A', 'ATTRIBUTE', 'New')
2024-01-14 17:10:02 INFO: ('campaign.network_settings.target_google_tv_network', 'Whether ads will be served on the Google', 'ATTRIBUTE', 'New')
2024-01-14 17:10:02 INFO: ('campaign.network_settings.target_youtube', 'Whether ads will be served on YouTube.', 'ATTRIBUTE', 'New')
2024-01-14 17:10:02 INFO: ('customer_lifecycle_goal.customer_acquisition_goal_value_settings.high_lifetime_value', 'High lifetime value of the lifecycle goa', 'ATTRIBUTE', 'New')
2024-01-14 17:10:02 INFO: ('customer_lifecycle_goal.customer_acquisition_goal_value_settings.value', 'Value of the lifecycle goal. For example', 'ATTRIBUTE', 'New')
2024-01-14 17:10:02 INFO: ('customer_lifecycle_goal.lifecycle_goal_customer_definition_settings.existing_user_lists', 'Output only. User lists which represent ', 'ATTRIBUTE', 'New')
2024-01-14 17:10:02 INFO: ('customer_lifecycle_goal.lifecycle_goal_customer_definition_settings.high_lifetime_value_user_lists', 'Output only. User lists which represent ', 'ATTRIBUTE', 'New')
2024-01-14 17:10:02 INFO: ('customer_lifecycle_goal.resource_name', 'Immutable. The resource name of the cust', 'ATTRIBUTE', 'New')
2024-01-14 17:10:02 INFO: ('customer.local_services_settings.granular_insurance_statuses', 'Output only. A read-only list of geo ver', 'ATTRIBUTE', 'New')
2024-01-14 17:10:02 INFO: ('customer.local_services_settings.granular_license_statuses', 'Output only. A read-only list of geo ver', 'ATTRIBUTE', 'New')
2024-01-14 17:10:02 INFO: ('local_services_lead_conversation.conversation_channel', 'Output only. Type of GLS lead conversati', 'ATTRIBUTE', 'New')
2024-01-14 17:10:02 INFO: ('local_services_lead_conversation.event_date_time', 'Output only. The date time at which lead', 'ATTRIBUTE', 'New')
2024-01-14 17:10:02 INFO: ('local_services_lead_conversation.id', 'Output only. ID of this Lead Conversatio', 'ATTRIBUTE', 'New')
2024-01-14 17:10:02 INFO: ('local_services_lead_conversation.lead', 'Output only. Resource name of Lead assoc', 'ATTRIBUTE', 'New')
2024-01-14 17:10:02 INFO: ('local_services_lead_conversation.message_details.text', 'Output only. Textual content of the mess', 'ATTRIBUTE', 'New')
2024-01-14 17:10:02 INFO: ('local_services_lead_conversation.participant_type', 'Output only. Type of participant in the ', 'ATTRIBUTE', 'New')
2024-01-14 17:10:02 INFO: ('local_services_lead_conversation.phone_call_details.call_duration_millis', 'Output only. The duration (in millisecon', 'ATTRIBUTE', 'New')
2024-01-14 17:10:02 INFO: ('local_services_lead_conversation.phone_call_details.call_recording_url', 'Output only. URL to the call recording a', 'ATTRIBUTE', 'New')
2024-01-14 17:10:02 INFO: ('local_services_lead_conversation.resource_name', 'Output only. The resource name of the lo', 'ATTRIBUTE', 'New')
2024-01-14 17:10:02 INFO: ('local_services_lead.category_id', 'Output only. Service category of the lea', 'ATTRIBUTE', 'New')
2024-01-14 17:10:02 INFO: ('local_services_lead.contact_details', "Output only. Lead's contact details.", 'ATTRIBUTE', 'New')
2024-01-14 17:10:02 INFO: ('local_services_lead.creation_date_time', 'Output only. The date time at which lead', 'ATTRIBUTE', 'New')
2024-01-14 17:10:02 INFO: ('local_services_lead.id', 'Output only. ID of this Lead.', 'ATTRIBUTE', 'New')
2024-01-14 17:10:02 INFO: ('local_services_lead.lead_charged', 'Output only. True if the advertiser was ', 'ATTRIBUTE', 'New')
2024-01-14 17:10:02 INFO: ('local_services_lead.lead_status', 'Output only. Current status of lead.', 'ATTRIBUTE', 'New')
2024-01-14 17:10:02 INFO: ('local_services_lead.lead_type', 'Output only. Type of Local Services lead', 'ATTRIBUTE', 'New')
2024-01-14 17:10:02 INFO: ('local_services_lead.locale', 'Output only. Language used by the Local ', 'ATTRIBUTE', 'New')
2024-01-14 17:10:02 INFO: ('local_services_lead.note.description', 'Output only. Content of lead note.', 'ATTRIBUTE', 'New')
2024-01-14 17:10:02 INFO: ('local_services_lead.note.edit_date_time', 'Output only. The date time when lead not', 'ATTRIBUTE', 'New')
2024-01-14 17:10:02 INFO: ('local_services_lead.resource_name', 'Output only. The resource name of the lo', 'ATTRIBUTE', 'New')
2024-01-14 17:10:02 INFO: ('local_services_lead.service_id', 'Output only. Service for the category. F', 'ATTRIBUTE', 'New')
2024-01-14 17:10:02 INFO: ('local_services_verification_artifact.artifact_type', 'Output only. The type of the verificatio', 'ATTRIBUTE', 'New')
2024-01-14 17:10:02 INFO: ('local_services_verification_artifact.background_check_verification_artifact.case_url', 'Output only. URL to access background ca', 'ATTRIBUTE', 'New')
2024-01-14 17:10:02 INFO: ('local_services_verification_artifact.background_check_verification_artifact.final_adjudication_date_time', 'Output only. The timestamp when this bac', 'ATTRIBUTE', 'New')
2024-01-14 17:10:02 INFO: ('local_services_verification_artifact.creation_date_time', 'Output only. The timestamp when this ver', 'ATTRIBUTE', 'New')
2024-01-14 17:10:02 INFO: ('local_services_verification_artifact.id', 'Output only. The ID of the verification ', 'ATTRIBUTE', 'New')
2024-01-14 17:10:02 INFO: ('local_services_verification_artifact.insurance_verification_artifact.amount_micros', 'Output only. Insurance amount. This is m', 'ATTRIBUTE', 'New')
2024-01-14 17:10:02 INFO: ('local_services_verification_artifact.insurance_verification_artifact.insurance_document_readonly.document_url', 'URL to access an already uploaded Local ', 'ATTRIBUTE', 'New')
2024-01-14 17:10:02 INFO: ('local_services_verification_artifact.insurance_verification_artifact.rejection_reason', "Output only. Insurance document's reject", 'ATTRIBUTE', 'New')
2024-01-14 17:10:02 INFO: ('local_services_verification_artifact.license_verification_artifact.license_document_readonly.document_url', 'URL to access an already uploaded Local ', 'ATTRIBUTE', 'New')
2024-01-14 17:10:02 INFO: ('local_services_verification_artifact.license_verification_artifact.license_number', 'Output only. License number.', 'ATTRIBUTE', 'New')
2024-01-14 17:10:02 INFO: ('local_services_verification_artifact.license_verification_artifact.license_type', 'Output only. License type / name.', 'ATTRIBUTE', 'New')
2024-01-14 17:10:02 INFO: ('local_services_verification_artifact.license_verification_artifact.licensee_first_name', 'Output only. First name of the licensee.', 'ATTRIBUTE', 'New')
2024-01-14 17:10:02 INFO: ('local_services_verification_artifact.license_verification_artifact.licensee_last_name', 'Output only. Last name of the licensee.', 'ATTRIBUTE', 'New')
2024-01-14 17:10:02 INFO: ('local_services_verification_artifact.license_verification_artifact.rejection_reason', 'Output only. License rejection reason.', 'ATTRIBUTE', 'New')
2024-01-14 17:10:02 INFO: ('local_services_verification_artifact.resource_name', 'Immutable. The resource name of the Loca', 'ATTRIBUTE', 'New')
2024-01-14 17:10:02 INFO: ('local_services_verification_artifact.status', 'Output only. The status of the verificat', 'ATTRIBUTE', 'New')
2024-01-14 17:10:02 INFO: ('offline_conversion_upload_client_summary.alerts', 'Output only. Details for each error code', 'ATTRIBUTE', 'New')
2024-01-14 17:10:02 INFO: ('offline_conversion_upload_client_summary.client', 'Output only. Client type of the upload e', 'ATTRIBUTE', 'New')
2024-01-14 17:10:02 INFO: ('offline_conversion_upload_client_summary.daily_summaries', 'Output only. Summary of history stats by', 'ATTRIBUTE', 'New')
2024-01-14 17:10:02 INFO: ('offline_conversion_upload_client_summary.job_summaries', 'Output only. Summary of history stats by', 'ATTRIBUTE', 'New')
2024-01-14 17:10:02 INFO: ('offline_conversion_upload_client_summary.last_upload_date_time', 'Output only. Date for the latest upload ', 'ATTRIBUTE', 'New')
2024-01-14 17:10:02 INFO: ('offline_conversion_upload_client_summary.resource_name', 'Output only. The resource name of the of', 'ATTRIBUTE', 'New')
2024-01-14 17:10:02 INFO: ('offline_conversion_upload_client_summary.status', 'Output only. Overall status for offline ', 'ATTRIBUTE', 'New')
2024-01-14 17:10:02 INFO: ('offline_conversion_upload_client_summary.success_rate', 'Output only. Successful rate.', 'ATTRIBUTE', 'New')
2024-01-14 17:10:02 INFO: ('offline_conversion_upload_client_summary.successful_event_count', 'Output only. Total count of successful u', 'ATTRIBUTE', 'New')
2024-01-14 17:10:02 INFO: ('offline_conversion_upload_client_summary.total_event_count', 'Output only. Total count of uploaded eve', 'ATTRIBUTE', 'New')
2024-01-14 17:10:02 INFO: ('product_category_constant.category_id', 'Output only. The ID of the product categ', 'ATTRIBUTE', 'New')
2024-01-14 17:10:02 INFO: ('product_category_constant.level', 'Output only. Level of the product catego', 'ATTRIBUTE', 'New')
2024-01-14 17:10:02 INFO: ('product_category_constant.localizations', 'Output only. List of all available local', 'ATTRIBUTE', 'New')
2024-01-14 17:10:02 INFO: ('product_category_constant.product_category_constant_parent', 'Output only. Resource name of the parent', 'ATTRIBUTE', 'New')
2024-01-14 17:10:02 INFO: ('product_category_constant.resource_name', 'Output only. The resource name of the pr', 'ATTRIBUTE', 'New')
2024-01-14 17:10:02 INFO: ('product_category_constant.state', 'Output only. State of the product catego', 'ATTRIBUTE', 'New')
2024-01-14 17:10:02 INFO: ('product_link_invitation.hotel_center.hotel_center_id', 'Output only. The hotel center id of the ', 'ATTRIBUTE', 'New')
2024-01-14 17:10:02 INFO: ('product_link_invitation.merchant_center.merchant_center_id', 'Output only. The Merchant Center id of t', 'ATTRIBUTE', 'New')
2024-01-14 17:10:02 INFO: ('product_link_invitation.product_link_invitation_id', 'Output only. The ID of the product link ', 'ATTRIBUTE', 'New')
2024-01-14 17:10:02 INFO: ('product_link_invitation.resource_name', 'Immutable. The resource name of a produc', 'ATTRIBUTE', 'New')
2024-01-14 17:10:02 INFO: ('product_link_invitation.status', 'Output only. The status of the product l', 'ATTRIBUTE', 'New')
2024-01-14 17:10:02 INFO: ('product_link_invitation.type', 'Output only. The type of the invited acc', 'ATTRIBUTE', 'New')
2024-01-14 17:10:02 INFO: ('product_link.merchant_center.merchant_center_id', 'Immutable. The customer ID of the Google', 'ATTRIBUTE', 'New')
2024-01-14 17:10:02 INFO: ('recommendation_subscription.create_date_time', 'Output only. Time in seconds when the su', 'ATTRIBUTE', 'New')
2024-01-14 17:10:02 INFO: ('recommendation_subscription.modify_date_time', 'Output only. Contains the time in micros', 'ATTRIBUTE', 'New')
2024-01-14 17:10:02 INFO: ('recommendation_subscription.resource_name', 'Immutable. The resource name of the reco', 'ATTRIBUTE', 'New')
2024-01-14 17:10:02 INFO: ('recommendation_subscription.status', 'Required. Status of the subscription, ei', 'ATTRIBUTE', 'New')
2024-01-14 17:10:02 INFO: ('recommendation_subscription.type', 'Required. Immutable. The type of recomme', 'ATTRIBUTE', 'New')
2024-01-14 17:10:02 INFO: ('recommendation.forecasting_set_target_cpa_recommendation', 'Output only. The forecasting set target ', 'ATTRIBUTE', 'New')
2024-01-14 17:10:02 INFO: ('recommendation.set_target_cpa_recommendation', 'Output only. The set target CPA recommen', 'ATTRIBUTE', 'New')
2024-01-14 17:10:02 INFO: ('recommendation.set_target_roas_recommendation', 'Output only. The set target ROAS recomme', 'ATTRIBUTE', 'New')
2024-01-14 17:10:02 INFO: ('shared_criterion.brand.entity_id', 'The Commercial KG MID for the brand.', 'ATTRIBUTE', 'New')
2024-01-14 17:10:02 INFO: ('user_list.lookalike_user_list.country_codes', 'Countries targeted by the Lookalike. Two', 'ATTRIBUTE', 'New')
2024-01-14 17:10:02 INFO: ('user_list.lookalike_user_list.expansion_level', 'Expansion level, reflecting the size of ', 'ATTRIBUTE', 'New')
2024-01-14 17:10:02 INFO: ('user_list.lookalike_user_list.seed_user_list_ids', 'Seed UserList ID from which this list is', 'ATTRIBUTE', 'New')
2024-01-14 17:58:11 INFO: -----Start check Datatype table
2024-01-14 17:58:11 INFO: Number of record change from 5170 to 5518, different: 348
2024-01-14 17:58:14 INFO: Number of deleted records: 50 
2024-01-14 17:58:14 INFO: ('segments.ad_network_type', 'ENUM', 'YOUTUBE_SEARCH', 'Deleted')
2024-01-14 17:58:14 INFO: ('segments.ad_network_type', 'ENUM', 'YOUTUBE_WATCH', 'Deleted')
2024-01-14 17:58:14 INFO: ('segments.product_bidding_category_level1', 'RESOURCE_NAME', None, 'Deleted')
2024-01-14 17:58:14 INFO: ('segments.product_bidding_category_level2', 'RESOURCE_NAME', None, 'Deleted')
2024-01-14 17:58:14 INFO: ('segments.product_bidding_category_level3', 'RESOURCE_NAME', None, 'Deleted')
2024-01-14 17:58:14 INFO: ('segments.product_bidding_category_level4', 'RESOURCE_NAME', None, 'Deleted')
2024-01-14 17:58:14 INFO: ('segments.product_bidding_category_level5', 'RESOURCE_NAME', None, 'Deleted')
2024-01-14 17:58:14 INFO: ('metrics.sk_ad_network_conversions', 'INT64', None, 'Deleted')
2024-01-14 17:58:14 INFO: ('account_link.hotel_center.hotel_center_id', 'INT64', None, 'Deleted')
2024-01-14 17:58:14 INFO: ('account_link.type', 'ENUM', 'HOTEL_CENTER', 'Deleted')
2024-01-14 17:58:14 INFO: ('ad_group_ad.ad.image_ad.media_file', 'RESOURCE_NAME', None, 'Deleted')
2024-01-14 17:58:14 INFO: ('ad_group_criterion.listing_group.case_value.product_bidding_category.id', 'INT64', None, 'Deleted')
2024-01-14 17:58:14 INFO: ('ad_group_criterion.listing_group.case_value.product_bidding_category.level', 'ENUM', 'LEVEL1', 'Deleted')
2024-01-14 17:58:14 INFO: ('ad_group_criterion.listing_group.case_value.product_bidding_category.level', 'ENUM', 'LEVEL2', 'Deleted')
2024-01-14 17:58:14 INFO: ('ad_group_criterion.listing_group.case_value.product_bidding_category.level', 'ENUM', 'LEVEL3', 'Deleted')
2024-01-14 17:58:14 INFO: ('ad_group_criterion.listing_group.case_value.product_bidding_category.level', 'ENUM', 'LEVEL4', 'Deleted')
2024-01-14 17:58:14 INFO: ('ad_group_criterion.listing_group.case_value.product_bidding_category.level', 'ENUM', 'LEVEL5', 'Deleted')
2024-01-14 17:58:14 INFO: ('ad_group_criterion.listing_group.case_value.product_bidding_category.level', 'ENUM', 'UNKNOWN', 'Deleted')
2024-01-14 17:58:14 INFO: ('ad_group_criterion.listing_group.case_value.product_bidding_category.level', 'ENUM', 'UNSPECIFIED', 'Deleted')
2024-01-14 17:58:14 INFO: ('asset_group_listing_group_filter.case_value.product_bidding_category.id', 'INT64', None, 'Deleted')
2024-01-14 17:58:14 INFO: ('asset_group_listing_group_filter.case_value.product_bidding_category.level', 'ENUM', 'LEVEL1', 'Deleted')
2024-01-14 17:58:14 INFO: ('asset_group_listing_group_filter.case_value.product_bidding_category.level', 'ENUM', 'LEVEL2', 'Deleted')
2024-01-14 17:58:14 INFO: ('asset_group_listing_group_filter.case_value.product_bidding_category.level', 'ENUM', 'LEVEL3', 'Deleted')
2024-01-14 17:58:14 INFO: ('asset_group_listing_group_filter.case_value.product_bidding_category.level', 'ENUM', 'LEVEL4', 'Deleted')
2024-01-14 17:58:14 INFO: ('asset_group_listing_group_filter.case_value.product_bidding_category.level', 'ENUM', 'LEVEL5', 'Deleted')
2024-01-14 17:58:14 INFO: ('asset_group_listing_group_filter.case_value.product_bidding_category.level', 'ENUM', 'UNKNOWN', 'Deleted')
2024-01-14 17:58:14 INFO: ('asset_group_listing_group_filter.case_value.product_bidding_category.level', 'ENUM', 'UNSPECIFIED', 'Deleted')
2024-01-14 17:58:14 INFO: ('asset_group_listing_group_filter.vertical', 'ENUM', 'SHOPPING', 'Deleted')
2024-01-14 17:58:14 INFO: ('asset_group_listing_group_filter.vertical', 'ENUM', 'UNKNOWN', 'Deleted')
2024-01-14 17:58:14 INFO: ('asset_group_listing_group_filter.vertical', 'ENUM', 'UNSPECIFIED', 'Deleted')
2024-01-14 17:58:14 INFO: ('campaign.performance_max_upgrade.status', 'ENUM', 'UPGRADE_ELIBIGLE', 'Deleted')
2024-01-14 17:58:14 INFO: ('campaign.shopping_setting.sales_country', 'STRING', None, 'Deleted')
2024-01-14 17:58:14 INFO: ('customer.offline_conversion_client_summaries', 'MESSAGE', None, 'Deleted')
2024-01-14 17:58:14 INFO: ('product_bidding_category_constant.country_code', 'STRING', None, 'Deleted')
2024-01-14 17:58:14 INFO: ('product_bidding_category_constant.id', 'INT64', None, 'Deleted')
2024-01-14 17:58:14 INFO: ('product_bidding_category_constant.language_code', 'STRING', None, 'Deleted')
2024-01-14 17:58:14 INFO: ('product_bidding_category_constant.level', 'ENUM', 'LEVEL1', 'Deleted')
2024-01-14 17:58:14 INFO: ('product_bidding_category_constant.level', 'ENUM', 'LEVEL2', 'Deleted')
2024-01-14 17:58:14 INFO: ('product_bidding_category_constant.level', 'ENUM', 'LEVEL3', 'Deleted')
2024-01-14 17:58:14 INFO: ('product_bidding_category_constant.level', 'ENUM', 'LEVEL4', 'Deleted')
2024-01-14 17:58:14 INFO: ('product_bidding_category_constant.level', 'ENUM', 'LEVEL5', 'Deleted')
2024-01-14 17:58:14 INFO: ('product_bidding_category_constant.level', 'ENUM', 'UNKNOWN', 'Deleted')
2024-01-14 17:58:14 INFO: ('product_bidding_category_constant.level', 'ENUM', 'UNSPECIFIED', 'Deleted')
2024-01-14 17:58:14 INFO: ('product_bidding_category_constant.localized_name', 'STRING', None, 'Deleted')
2024-01-14 17:58:14 INFO: ('product_bidding_category_constant.product_bidding_category_constant_parent', 'RESOURCE_NAME', None, 'Deleted')
2024-01-14 17:58:14 INFO: ('product_bidding_category_constant.resource_name', 'RESOURCE_NAME', None, 'Deleted')
2024-01-14 17:58:14 INFO: ('product_bidding_category_constant.status', 'ENUM', 'ACTIVE', 'Deleted')
2024-01-14 17:58:14 INFO: ('product_bidding_category_constant.status', 'ENUM', 'OBSOLETE', 'Deleted')
2024-01-14 17:58:14 INFO: ('product_bidding_category_constant.status', 'ENUM', 'UNKNOWN', 'Deleted')
2024-01-14 17:58:14 INFO: ('product_bidding_category_constant.status', 'ENUM', 'UNSPECIFIED', 'Deleted')
2024-01-14 17:58:17 INFO: Number of new records: 398 
2024-01-14 17:58:17 INFO: ('segments.ad_network_type', 'ENUM', 'GOOGLE_TV', 'New')
2024-01-14 17:58:17 INFO: ('segments.ad_network_type', 'ENUM', 'YOUTUBE', 'New')
2024-01-14 17:58:17 INFO: ('segments.product_category_level1', 'RESOURCE_NAME', None, 'New')
2024-01-14 17:58:17 INFO: ('segments.product_category_level2', 'RESOURCE_NAME', None, 'New')
2024-01-14 17:58:17 INFO: ('segments.product_category_level3', 'RESOURCE_NAME', None, 'New')
2024-01-14 17:58:17 INFO: ('segments.product_category_level4', 'RESOURCE_NAME', None, 'New')
2024-01-14 17:58:17 INFO: ('segments.product_category_level5', 'RESOURCE_NAME', None, 'New')
2024-01-14 17:58:17 INFO: ('segments.recommendation_type', 'ENUM', 'FORECASTING_SET_TARGET_CPA', 'New')
2024-01-14 17:58:17 INFO: ('segments.recommendation_type', 'ENUM', 'SET_TARGET_CPA', 'New')
2024-01-14 17:58:17 INFO: ('segments.recommendation_type', 'ENUM', 'SET_TARGET_ROAS', 'New')
2024-01-14 17:58:17 INFO: ('segments.sk_ad_network_coarse_conversion_value', 'ENUM', 'HIGH', 'New')
2024-01-14 17:58:17 INFO: ('segments.sk_ad_network_coarse_conversion_value', 'ENUM', 'LOW', 'New')
2024-01-14 17:58:17 INFO: ('segments.sk_ad_network_coarse_conversion_value', 'ENUM', 'MEDIUM', 'New')
2024-01-14 17:58:17 INFO: ('segments.sk_ad_network_coarse_conversion_value', 'ENUM', 'NONE', 'New')
2024-01-14 17:58:17 INFO: ('segments.sk_ad_network_coarse_conversion_value', 'ENUM', 'UNAVAILABLE', 'New')
2024-01-14 17:58:17 INFO: ('segments.sk_ad_network_coarse_conversion_value', 'ENUM', 'UNKNOWN', 'New')
2024-01-14 17:58:17 INFO: ('segments.sk_ad_network_coarse_conversion_value', 'ENUM', 'UNSPECIFIED', 'New')
2024-01-14 17:58:17 INFO: ('segments.sk_ad_network_postback_sequence_index', 'INT64', None, 'New')
2024-01-14 17:58:17 INFO: ('segments.sk_ad_network_source_domain', 'STRING', None, 'New')
2024-01-14 17:58:17 INFO: ('segments.sk_ad_network_source_type', 'ENUM', 'MOBILE_APPLICATION', 'New')
2024-01-14 17:58:17 INFO: ('segments.sk_ad_network_source_type', 'ENUM', 'UNAVAILABLE', 'New')
2024-01-14 17:58:17 INFO: ('segments.sk_ad_network_source_type', 'ENUM', 'UNKNOWN', 'New')
2024-01-14 17:58:17 INFO: ('segments.sk_ad_network_source_type', 'ENUM', 'UNSPECIFIED', 'New')
2024-01-14 17:58:17 INFO: ('segments.sk_ad_network_source_type', 'ENUM', 'WEBSITE', 'New')
2024-01-14 17:58:17 INFO: ('metrics.average_cart_size', 'DOUBLE', None, 'New')
2024-01-14 17:58:17 INFO: ('metrics.average_impression_frequency_per_user', 'DOUBLE', None, 'New')
2024-01-14 17:58:17 INFO: ('metrics.average_order_value_micros', 'INT64', None, 'New')
2024-01-14 17:58:17 INFO: ('metrics.cost_of_goods_sold_micros', 'INT64', None, 'New')
2024-01-14 17:58:17 INFO: ('metrics.cross_device_conversions_value_micros', 'INT64', None, 'New')
2024-01-14 17:58:17 INFO: ('metrics.cross_sell_cost_of_goods_sold_micros', 'INT64', None, 'New')
2024-01-14 17:58:17 INFO: ('metrics.cross_sell_gross_profit_micros', 'INT64', None, 'New')
2024-01-14 17:58:17 INFO: ('metrics.cross_sell_revenue_micros', 'INT64', None, 'New')
2024-01-14 17:58:17 INFO: ('metrics.cross_sell_units_sold', 'DOUBLE', None, 'New')
2024-01-14 17:58:17 INFO: ('metrics.gross_profit_margin', 'DOUBLE', None, 'New')
2024-01-14 17:58:17 INFO: ('metrics.gross_profit_micros', 'INT64', None, 'New')
2024-01-14 17:58:17 INFO: ('metrics.lead_cost_of_goods_sold_micros', 'INT64', None, 'New')
2024-01-14 17:58:17 INFO: ('metrics.lead_gross_profit_micros', 'INT64', None, 'New')
2024-01-14 17:58:17 INFO: ('metrics.lead_revenue_micros', 'INT64', None, 'New')
2024-01-14 17:58:17 INFO: ('metrics.lead_units_sold', 'DOUBLE', None, 'New')
2024-01-14 17:58:17 INFO: ('metrics.orders', 'DOUBLE', None, 'New')
2024-01-14 17:58:17 INFO: ('metrics.revenue_micros', 'INT64', None, 'New')
2024-01-14 17:58:17 INFO: ('metrics.sk_ad_network_installs', 'INT64', None, 'New')
2024-01-14 17:58:17 INFO: ('metrics.sk_ad_network_total_conversions', 'INT64', None, 'New')
2024-01-14 17:58:17 INFO: ('metrics.unique_users', 'INT64', None, 'New')
2024-01-14 17:58:17 INFO: ('metrics.units_sold', 'DOUBLE', None, 'New')
2024-01-14 17:58:17 INFO: ('ad_group_ad_asset_view.pinned_field', 'ENUM', 'BUSINESS_NAME', 'New')
2024-01-14 17:58:17 INFO: ('ad_group_ad_asset_view.pinned_field', 'ENUM', 'BUSINESS_NAME_IN_PORTRAIT', 'New')
2024-01-14 17:58:17 INFO: ('ad_group_ad_asset_view.pinned_field', 'ENUM', 'CALL_TO_ACTION', 'New')
2024-01-14 17:58:17 INFO: ('ad_group_ad_asset_view.pinned_field', 'ENUM', 'DESCRIPTION', 'New')
2024-01-14 17:58:17 INFO: ('ad_group_ad_asset_view.pinned_field', 'ENUM', 'DESCRIPTION_IN_PORTRAIT', 'New')
2024-01-14 17:58:17 INFO: ('ad_group_ad_asset_view.pinned_field', 'ENUM', 'HEADLINE', 'New')
2024-01-14 17:58:17 INFO: ('ad_group_ad_asset_view.pinned_field', 'ENUM', 'HEADLINE_IN_PORTRAIT', 'New')
2024-01-14 17:58:17 INFO: ('ad_group_ad_asset_view.pinned_field', 'ENUM', 'LANDSCAPE_LOGO', 'New')
2024-01-14 17:58:17 INFO: ('ad_group_ad_asset_view.pinned_field', 'ENUM', 'LOGO', 'New')
2024-01-14 17:58:17 INFO: ('ad_group_ad_asset_view.pinned_field', 'ENUM', 'LONG_HEADLINE', 'New')
2024-01-14 17:58:17 INFO: ('ad_group_ad_asset_view.pinned_field', 'ENUM', 'MARKETING_IMAGE', 'New')
2024-01-14 17:58:17 INFO: ('ad_group_ad_asset_view.pinned_field', 'ENUM', 'MARKETING_IMAGE_IN_PORTRAIT', 'New')
2024-01-14 17:58:17 INFO: ('ad_group_ad_asset_view.pinned_field', 'ENUM', 'PORTRAIT_MARKETING_IMAGE', 'New')
2024-01-14 17:58:17 INFO: ('ad_group_ad_asset_view.pinned_field', 'ENUM', 'SQUARE_MARKETING_IMAGE', 'New')
2024-01-14 17:58:17 INFO: ('ad_group_ad_asset_view.pinned_field', 'ENUM', 'YOU_TUBE_VIDEO', 'New')
2024-01-14 17:58:17 INFO: ('ad_group_ad_asset_view.source', 'ENUM', 'ADVERTISER', 'New')
2024-01-14 17:58:17 INFO: ('ad_group_ad_asset_view.source', 'ENUM', 'AUTOMATICALLY_CREATED', 'New')
2024-01-14 17:58:17 INFO: ('ad_group_ad_asset_view.source', 'ENUM', 'UNKNOWN', 'New')
2024-01-14 17:58:17 INFO: ('ad_group_ad_asset_view.source', 'ENUM', 'UNSPECIFIED', 'New')
2024-01-14 17:58:17 INFO: ('ad_group_ad.ad.image_ad.image_asset.asset', 'RESOURCE_NAME', None, 'New')
2024-01-14 17:58:17 INFO: ('ad_group_criterion.listing_group.case_value.product_category.category_id', 'INT64', None, 'New')
2024-01-14 17:58:17 INFO: ('ad_group_criterion.listing_group.case_value.product_category.level', 'ENUM', 'LEVEL1', 'New')
2024-01-14 17:58:17 INFO: ('ad_group_criterion.listing_group.case_value.product_category.level', 'ENUM', 'LEVEL2', 'New')
2024-01-14 17:58:17 INFO: ('ad_group_criterion.listing_group.case_value.product_category.level', 'ENUM', 'LEVEL3', 'New')
2024-01-14 17:58:17 INFO: ('ad_group_criterion.listing_group.case_value.product_category.level', 'ENUM', 'LEVEL4', 'New')
2024-01-14 17:58:17 INFO: ('ad_group_criterion.listing_group.case_value.product_category.level', 'ENUM', 'LEVEL5', 'New')
2024-01-14 17:58:17 INFO: ('ad_group_criterion.listing_group.case_value.product_category.level', 'ENUM', 'UNKNOWN', 'New')
2024-01-14 17:58:17 INFO: ('ad_group_criterion.listing_group.case_value.product_category.level', 'ENUM', 'UNSPECIFIED', 'New')
2024-01-14 17:58:17 INFO: ('ad_group_criterion.type', 'ENUM', 'BRAND', 'New')
2024-01-14 17:58:17 INFO: ('ad_group_criterion.type', 'ENUM', 'BRAND_LIST', 'New')
2024-01-14 17:58:17 INFO: ('ad_group_criterion.type', 'ENUM', 'SEARCH_THEME', 'New')
2024-01-14 17:58:17 INFO: ('android_privacy_shared_key_google_ad_group.ad_group_id', 'INT64', None, 'New')
2024-01-14 17:58:17 INFO: ('android_privacy_shared_key_google_ad_group.android_privacy_interaction_date', 'DATE', None, 'New')
2024-01-14 17:58:17 INFO: ('android_privacy_shared_key_google_ad_group.android_privacy_interaction_type', 'ENUM', 'CLICK', 'New')
2024-01-14 17:58:17 INFO: ('android_privacy_shared_key_google_ad_group.android_privacy_interaction_type', 'ENUM', 'ENGAGED_VIEW', 'New')
2024-01-14 17:58:17 INFO: ('android_privacy_shared_key_google_ad_group.android_privacy_interaction_type', 'ENUM', 'UNKNOWN', 'New')
2024-01-14 17:58:17 INFO: ('android_privacy_shared_key_google_ad_group.android_privacy_interaction_type', 'ENUM', 'UNSPECIFIED', 'New')
2024-01-14 17:58:17 INFO: ('android_privacy_shared_key_google_ad_group.android_privacy_interaction_type', 'ENUM', 'VIEW', 'New')
2024-01-14 17:58:17 INFO: ('android_privacy_shared_key_google_ad_group.android_privacy_network_type', 'ENUM', 'DISPLAY', 'New')
2024-01-14 17:58:17 INFO: ('android_privacy_shared_key_google_ad_group.android_privacy_network_type', 'ENUM', 'SEARCH', 'New')
2024-01-14 17:58:17 INFO: ('android_privacy_shared_key_google_ad_group.android_privacy_network_type', 'ENUM', 'UNKNOWN', 'New')
2024-01-14 17:58:17 INFO: ('android_privacy_shared_key_google_ad_group.android_privacy_network_type', 'ENUM', 'UNSPECIFIED', 'New')
2024-01-14 17:58:17 INFO: ('android_privacy_shared_key_google_ad_group.android_privacy_network_type', 'ENUM', 'YOUTUBE', 'New')
2024-01-14 17:58:17 INFO: ('android_privacy_shared_key_google_ad_group.campaign_id', 'INT64', None, 'New')
2024-01-14 17:58:17 INFO: ('android_privacy_shared_key_google_ad_group.resource_name', 'RESOURCE_NAME', None, 'New')
2024-01-14 17:58:17 INFO: ('android_privacy_shared_key_google_ad_group.shared_ad_group_key', 'STRING', None, 'New')
2024-01-14 17:58:17 INFO: ('android_privacy_shared_key_google_campaign.android_privacy_interaction_date', 'DATE', None, 'New')
2024-01-14 17:58:17 INFO: ('android_privacy_shared_key_google_campaign.android_privacy_interaction_type', 'ENUM', 'CLICK', 'New')
2024-01-14 17:58:17 INFO: ('android_privacy_shared_key_google_campaign.android_privacy_interaction_type', 'ENUM', 'ENGAGED_VIEW', 'New')
2024-01-14 17:58:17 INFO: ('android_privacy_shared_key_google_campaign.android_privacy_interaction_type', 'ENUM', 'UNKNOWN', 'New')
2024-01-14 17:58:17 INFO: ('android_privacy_shared_key_google_campaign.android_privacy_interaction_type', 'ENUM', 'UNSPECIFIED', 'New')
2024-01-14 17:58:17 INFO: ('android_privacy_shared_key_google_campaign.android_privacy_interaction_type', 'ENUM', 'VIEW', 'New')
2024-01-14 17:58:17 INFO: ('android_privacy_shared_key_google_campaign.campaign_id', 'INT64', None, 'New')
2024-01-14 17:58:17 INFO: ('android_privacy_shared_key_google_campaign.resource_name', 'RESOURCE_NAME', None, 'New')
2024-01-14 17:58:17 INFO: ('android_privacy_shared_key_google_campaign.shared_campaign_key', 'STRING', None, 'New')
2024-01-14 17:58:17 INFO: ('android_privacy_shared_key_google_network_type.android_privacy_interaction_date', 'DATE', None, 'New')
2024-01-14 17:58:17 INFO: ('android_privacy_shared_key_google_network_type.android_privacy_interaction_type', 'ENUM', 'CLICK', 'New')
2024-01-14 17:58:17 INFO: ('android_privacy_shared_key_google_network_type.android_privacy_interaction_type', 'ENUM', 'ENGAGED_VIEW', 'New')
2024-01-14 17:58:17 INFO: ('android_privacy_shared_key_google_network_type.android_privacy_interaction_type', 'ENUM', 'UNKNOWN', 'New')
2024-01-14 17:58:17 INFO: ('android_privacy_shared_key_google_network_type.android_privacy_interaction_type', 'ENUM', 'UNSPECIFIED', 'New')
2024-01-14 17:58:17 INFO: ('android_privacy_shared_key_google_network_type.android_privacy_interaction_type', 'ENUM', 'VIEW', 'New')
2024-01-14 17:58:17 INFO: ('android_privacy_shared_key_google_network_type.android_privacy_network_type', 'ENUM', 'DISPLAY', 'New')
2024-01-14 17:58:17 INFO: ('android_privacy_shared_key_google_network_type.android_privacy_network_type', 'ENUM', 'SEARCH', 'New')
2024-01-14 17:58:17 INFO: ('android_privacy_shared_key_google_network_type.android_privacy_network_type', 'ENUM', 'UNKNOWN', 'New')
2024-01-14 17:58:17 INFO: ('android_privacy_shared_key_google_network_type.android_privacy_network_type', 'ENUM', 'UNSPECIFIED', 'New')
2024-01-14 17:58:17 INFO: ('android_privacy_shared_key_google_network_type.android_privacy_network_type', 'ENUM', 'YOUTUBE', 'New')
2024-01-14 17:58:17 INFO: ('android_privacy_shared_key_google_network_type.campaign_id', 'INT64', None, 'New')
2024-01-14 17:58:17 INFO: ('android_privacy_shared_key_google_network_type.resource_name', 'RESOURCE_NAME', None, 'New')
2024-01-14 17:58:17 INFO: ('android_privacy_shared_key_google_network_type.shared_network_type_key', 'STRING', None, 'New')
2024-01-14 17:58:17 INFO: ('asset_group_asset.source', 'ENUM', 'ADVERTISER', 'New')
2024-01-14 17:58:17 INFO: ('asset_group_asset.source', 'ENUM', 'AUTOMATICALLY_CREATED', 'New')
2024-01-14 17:58:17 INFO: ('asset_group_asset.source', 'ENUM', 'UNKNOWN', 'New')
2024-01-14 17:58:17 INFO: ('asset_group_asset.source', 'ENUM', 'UNSPECIFIED', 'New')
2024-01-14 17:58:17 INFO: ('asset_group_listing_group_filter.case_value.product_category.category_id', 'INT64', None, 'New')
2024-01-14 17:58:17 INFO: ('asset_group_listing_group_filter.case_value.product_category.level', 'ENUM', 'LEVEL1', 'New')
2024-01-14 17:58:17 INFO: ('asset_group_listing_group_filter.case_value.product_category.level', 'ENUM', 'LEVEL2', 'New')
2024-01-14 17:58:17 INFO: ('asset_group_listing_group_filter.case_value.product_category.level', 'ENUM', 'LEVEL3', 'New')
2024-01-14 17:58:17 INFO: ('asset_group_listing_group_filter.case_value.product_category.level', 'ENUM', 'LEVEL4', 'New')
2024-01-14 17:58:17 INFO: ('asset_group_listing_group_filter.case_value.product_category.level', 'ENUM', 'LEVEL5', 'New')
2024-01-14 17:58:17 INFO: ('asset_group_listing_group_filter.case_value.product_category.level', 'ENUM', 'UNKNOWN', 'New')
2024-01-14 17:58:17 INFO: ('asset_group_listing_group_filter.case_value.product_category.level', 'ENUM', 'UNSPECIFIED', 'New')
2024-01-14 17:58:17 INFO: ('asset_group_listing_group_filter.case_value.webpage.conditions', 'MESSAGE', None, 'New')
2024-01-14 17:58:17 INFO: ('asset_group_listing_group_filter.listing_source', 'ENUM', 'SHOPPING', 'New')
2024-01-14 17:58:17 INFO: ('asset_group_listing_group_filter.listing_source', 'ENUM', 'UNKNOWN', 'New')
2024-01-14 17:58:17 INFO: ('asset_group_listing_group_filter.listing_source', 'ENUM', 'UNSPECIFIED', 'New')
2024-01-14 17:58:17 INFO: ('asset_group_listing_group_filter.listing_source', 'ENUM', 'WEBPAGE', 'New')
2024-01-14 17:58:17 INFO: ('asset_group_signal.approval_status', 'ENUM', 'APPROVED', 'New')
2024-01-14 17:58:17 INFO: ('asset_group_signal.approval_status', 'ENUM', 'DISAPPROVED', 'New')
2024-01-14 17:58:17 INFO: ('asset_group_signal.approval_status', 'ENUM', 'LIMITED', 'New')
2024-01-14 17:58:17 INFO: ('asset_group_signal.approval_status', 'ENUM', 'UNDER_REVIEW', 'New')
2024-01-14 17:58:17 INFO: ('asset_group_signal.approval_status', 'ENUM', 'UNKNOWN', 'New')
2024-01-14 17:58:17 INFO: ('asset_group_signal.approval_status', 'ENUM', 'UNSPECIFIED', 'New')
2024-01-14 17:58:17 INFO: ('asset_group_signal.disapproval_reasons', 'STRING', None, 'New')
2024-01-14 17:58:17 INFO: ('asset_group_signal.search_theme.text', 'STRING', None, 'New')
2024-01-14 17:58:17 INFO: ('asset_group_top_combination_view.asset_group_top_combinations', 'MESSAGE', None, 'New')
2024-01-14 17:58:17 INFO: ('asset_group_top_combination_view.resource_name', 'RESOURCE_NAME', None, 'New')
2024-01-14 17:58:17 INFO: ('audience.asset_group', 'RESOURCE_NAME', None, 'New')
2024-01-14 17:58:17 INFO: ('audience.scope', 'ENUM', 'ASSET_GROUP', 'New')
2024-01-14 17:58:17 INFO: ('audience.scope', 'ENUM', 'CUSTOMER', 'New')
2024-01-14 17:58:17 INFO: ('audience.scope', 'ENUM', 'UNKNOWN', 'New')
2024-01-14 17:58:17 INFO: ('audience.scope', 'ENUM', 'UNSPECIFIED', 'New')
2024-01-14 17:58:17 INFO: ('campaign_criterion.brand_list.shared_set', 'RESOURCE_NAME', None, 'New')
2024-01-14 17:58:17 INFO: ('campaign_criterion.type', 'ENUM', 'BRAND', 'New')
2024-01-14 17:58:17 INFO: ('campaign_criterion.type', 'ENUM', 'BRAND_LIST', 'New')
2024-01-14 17:58:17 INFO: ('campaign_criterion.type', 'ENUM', 'SEARCH_THEME', 'New')
2024-01-14 17:58:17 INFO: ('campaign_lifecycle_goal.campaign', 'RESOURCE_NAME', None, 'New')
2024-01-14 17:58:17 INFO: ('campaign_lifecycle_goal.customer_acquisition_goal_settings.optimization_mode', 'ENUM', 'BID_HIGHER_FOR_NEW_CUSTOMER', 'New')
2024-01-14 17:58:17 INFO: ('campaign_lifecycle_goal.customer_acquisition_goal_settings.optimization_mode', 'ENUM', 'TARGET_ALL_EQUALLY', 'New')
2024-01-14 17:58:17 INFO: ('campaign_lifecycle_goal.customer_acquisition_goal_settings.optimization_mode', 'ENUM', 'TARGET_NEW_CUSTOMER', 'New')
2024-01-14 17:58:17 INFO: ('campaign_lifecycle_goal.customer_acquisition_goal_settings.optimization_mode', 'ENUM', 'UNKNOWN', 'New')
2024-01-14 17:58:17 INFO: ('campaign_lifecycle_goal.customer_acquisition_goal_settings.optimization_mode', 'ENUM', 'UNSPECIFIED', 'New')
2024-01-14 17:58:17 INFO: ('campaign_lifecycle_goal.customer_acquisition_goal_settings.value_settings.high_lifetime_value', 'DOUBLE', None, 'New')
2024-01-14 17:58:17 INFO: ('campaign_lifecycle_goal.customer_acquisition_goal_settings.value_settings.value', 'DOUBLE', None, 'New')
2024-01-14 17:58:17 INFO: ('campaign_lifecycle_goal.resource_name', 'RESOURCE_NAME', None, 'New')
2024-01-14 17:58:17 INFO: ('campaign.asset_automation_settings', 'MESSAGE', None, 'New')
2024-01-14 17:58:17 INFO: ('campaign.network_settings.target_google_tv_network', 'BOOLEAN', None, 'New')
2024-01-14 17:58:17 INFO: ('campaign.network_settings.target_youtube', 'BOOLEAN', None, 'New')
2024-01-14 17:58:17 INFO: ('campaign.performance_max_upgrade.status', 'ENUM', 'UPGRADE_ELIGIBLE', 'New')
2024-01-14 17:58:17 INFO: ('campaign.primary_status_reasons', 'ENUM', 'ASSET_GROUPS_PAUSED', 'New')
2024-01-14 17:58:17 INFO: ('campaign.primary_status_reasons', 'ENUM', 'NO_ASSET_GROUPS', 'New')
2024-01-14 17:58:17 INFO: ('change_event.client_type', 'ENUM', 'GOOGLE_ADS_RECOMMENDATIONS_SUBSCRIPTION', 'New')
2024-01-14 17:58:17 INFO: ('customer_lifecycle_goal.customer_acquisition_goal_value_settings.high_lifetime_value', 'DOUBLE', None, 'New')
2024-01-14 17:58:17 INFO: ('customer_lifecycle_goal.customer_acquisition_goal_value_settings.value', 'DOUBLE', None, 'New')
2024-01-14 17:58:17 INFO: ('customer_lifecycle_goal.lifecycle_goal_customer_definition_settings.existing_user_lists', 'RESOURCE_NAME', None, 'New')
2024-01-14 17:58:17 INFO: ('customer_lifecycle_goal.lifecycle_goal_customer_definition_settings.high_lifetime_value_user_lists', 'RESOURCE_NAME', None, 'New')
2024-01-14 17:58:17 INFO: ('customer_lifecycle_goal.resource_name', 'RESOURCE_NAME', None, 'New')
2024-01-14 17:58:17 INFO: ('customer_negative_criterion.type', 'ENUM', 'BRAND', 'New')
2024-01-14 17:58:17 INFO: ('customer_negative_criterion.type', 'ENUM', 'BRAND_LIST', 'New')
2024-01-14 17:58:17 INFO: ('customer_negative_criterion.type', 'ENUM', 'SEARCH_THEME', 'New')
2024-01-14 17:58:17 INFO: ('customer.local_services_settings.granular_insurance_statuses', 'MESSAGE', None, 'New')
2024-01-14 17:58:17 INFO: ('customer.local_services_settings.granular_license_statuses', 'MESSAGE', None, 'New')
2024-01-14 17:58:17 INFO: ('local_services_lead_conversation.conversation_channel', 'ENUM', 'BOOKING', 'New')
2024-01-14 17:58:17 INFO: ('local_services_lead_conversation.conversation_channel', 'ENUM', 'EMAIL', 'New')
2024-01-14 17:58:17 INFO: ('local_services_lead_conversation.conversation_channel', 'ENUM', 'MESSAGE', 'New')
2024-01-14 17:58:17 INFO: ('local_services_lead_conversation.conversation_channel', 'ENUM', 'PHONE_CALL', 'New')
2024-01-14 17:58:17 INFO: ('local_services_lead_conversation.conversation_channel', 'ENUM', 'SMS', 'New')
2024-01-14 17:58:17 INFO: ('local_services_lead_conversation.conversation_channel', 'ENUM', 'UNKNOWN', 'New')
2024-01-14 17:58:17 INFO: ('local_services_lead_conversation.conversation_channel', 'ENUM', 'UNSPECIFIED', 'New')
2024-01-14 17:58:17 INFO: ('local_services_lead_conversation.event_date_time', 'DATE', None, 'New')
2024-01-14 17:58:17 INFO: ('local_services_lead_conversation.id', 'INT64', None, 'New')
2024-01-14 17:58:17 INFO: ('local_services_lead_conversation.lead', 'RESOURCE_NAME', None, 'New')
2024-01-14 17:58:17 INFO: ('local_services_lead_conversation.message_details.text', 'STRING', None, 'New')
2024-01-14 17:58:17 INFO: ('local_services_lead_conversation.participant_type', 'ENUM', 'ADVERTISER', 'New')
2024-01-14 17:58:17 INFO: ('local_services_lead_conversation.participant_type', 'ENUM', 'CONSUMER', 'New')
2024-01-14 17:58:17 INFO: ('local_services_lead_conversation.participant_type', 'ENUM', 'UNKNOWN', 'New')
2024-01-14 17:58:17 INFO: ('local_services_lead_conversation.participant_type', 'ENUM', 'UNSPECIFIED', 'New')
2024-01-14 17:58:17 INFO: ('local_services_lead_conversation.phone_call_details.call_duration_millis', 'INT64', None, 'New')
2024-01-14 17:58:17 INFO: ('local_services_lead_conversation.phone_call_details.call_recording_url', 'STRING', None, 'New')
2024-01-14 17:58:17 INFO: ('local_services_lead_conversation.resource_name', 'RESOURCE_NAME', None, 'New')
2024-01-14 17:58:17 INFO: ('local_services_lead.category_id', 'STRING', None, 'New')
2024-01-14 17:58:17 INFO: ('local_services_lead.contact_details', 'MESSAGE', None, 'New')
2024-01-14 17:58:17 INFO: ('local_services_lead.creation_date_time', 'DATE', None, 'New')
2024-01-14 17:58:17 INFO: ('local_services_lead.id', 'INT64', None, 'New')
2024-01-14 17:58:17 INFO: ('local_services_lead.lead_charged', 'BOOLEAN', None, 'New')
2024-01-14 17:58:17 INFO: ('local_services_lead.lead_status', 'ENUM', 'ACTIVE', 'New')
2024-01-14 17:58:17 INFO: ('local_services_lead.lead_status', 'ENUM', 'BOOKED', 'New')
2024-01-14 17:58:17 INFO: ('local_services_lead.lead_status', 'ENUM', 'CONSUMER_DECLINED', 'New')
2024-01-14 17:58:17 INFO: ('local_services_lead.lead_status', 'ENUM', 'DECLINED', 'New')
2024-01-14 17:58:17 INFO: ('local_services_lead.lead_status', 'ENUM', 'DISABLED', 'New')
2024-01-14 17:58:17 INFO: ('local_services_lead.lead_status', 'ENUM', 'EXPIRED', 'New')
2024-01-14 17:58:17 INFO: ('local_services_lead.lead_status', 'ENUM', 'NEW', 'New')
2024-01-14 17:58:17 INFO: ('local_services_lead.lead_status', 'ENUM', 'UNKNOWN', 'New')
2024-01-14 17:58:17 INFO: ('local_services_lead.lead_status', 'ENUM', 'UNSPECIFIED', 'New')
2024-01-14 17:58:17 INFO: ('local_services_lead.lead_status', 'ENUM', 'WIPED_OUT', 'New')
2024-01-14 17:58:17 INFO: ('local_services_lead.lead_type', 'ENUM', 'BOOKING', 'New')
2024-01-14 17:58:17 INFO: ('local_services_lead.lead_type', 'ENUM', 'MESSAGE', 'New')
2024-01-14 17:58:17 INFO: ('local_services_lead.lead_type', 'ENUM', 'PHONE_CALL', 'New')
2024-01-14 17:58:17 INFO: ('local_services_lead.lead_type', 'ENUM', 'UNKNOWN', 'New')
2024-01-14 17:58:17 INFO: ('local_services_lead.lead_type', 'ENUM', 'UNSPECIFIED', 'New')
2024-01-14 17:58:17 INFO: ('local_services_lead.locale', 'STRING', None, 'New')
2024-01-14 17:58:17 INFO: ('local_services_lead.note.description', 'STRING', None, 'New')
2024-01-14 17:58:17 INFO: ('local_services_lead.note.edit_date_time', 'DATE', None, 'New')
2024-01-14 17:58:17 INFO: ('local_services_lead.resource_name', 'RESOURCE_NAME', None, 'New')
2024-01-14 17:58:17 INFO: ('local_services_lead.service_id', 'STRING', None, 'New')
2024-01-14 17:58:17 INFO: ('local_services_verification_artifact.artifact_type', 'ENUM', 'BACKGROUND_CHECK', 'New')
2024-01-14 17:58:17 INFO: ('local_services_verification_artifact.artifact_type', 'ENUM', 'INSURANCE', 'New')
2024-01-14 17:58:17 INFO: ('local_services_verification_artifact.artifact_type', 'ENUM', 'LICENSE', 'New')
2024-01-14 17:58:17 INFO: ('local_services_verification_artifact.artifact_type', 'ENUM', 'UNKNOWN', 'New')
2024-01-14 17:58:17 INFO: ('local_services_verification_artifact.artifact_type', 'ENUM', 'UNSPECIFIED', 'New')
2024-01-14 17:58:17 INFO: ('local_services_verification_artifact.background_check_verification_artifact.case_url', 'STRING', None, 'New')
2024-01-14 17:58:17 INFO: ('local_services_verification_artifact.background_check_verification_artifact.final_adjudication_date_time', 'DATE', None, 'New')
2024-01-14 17:58:17 INFO: ('local_services_verification_artifact.creation_date_time', 'DATE', None, 'New')
2024-01-14 17:58:17 INFO: ('local_services_verification_artifact.id', 'INT64', None, 'New')
2024-01-14 17:58:17 INFO: ('local_services_verification_artifact.insurance_verification_artifact.amount_micros', 'INT64', None, 'New')
2024-01-14 17:58:17 INFO: ('local_services_verification_artifact.insurance_verification_artifact.insurance_document_readonly.document_url', 'STRING', None, 'New')
2024-01-14 17:58:17 INFO: ('local_services_verification_artifact.insurance_verification_artifact.rejection_reason', 'ENUM', 'BUSINESS_NAME_MISMATCH', 'New')
2024-01-14 17:58:17 INFO: ('local_services_verification_artifact.insurance_verification_artifact.rejection_reason', 'ENUM', 'CATEGORY_MISMATCH', 'New')
2024-01-14 17:58:17 INFO: ('local_services_verification_artifact.insurance_verification_artifact.rejection_reason', 'ENUM', 'EDITABLE_FORMAT', 'New')
2024-01-14 17:58:17 INFO: ('local_services_verification_artifact.insurance_verification_artifact.rejection_reason', 'ENUM', 'EXPIRED', 'New')
2024-01-14 17:58:17 INFO: ('local_services_verification_artifact.insurance_verification_artifact.rejection_reason', 'ENUM', 'INSURANCE_AMOUNT_INSUFFICIENT', 'New')
2024-01-14 17:58:17 INFO: ('local_services_verification_artifact.insurance_verification_artifact.rejection_reason', 'ENUM', 'MISSING_EXPIRATION_DATE', 'New')
2024-01-14 17:58:17 INFO: ('local_services_verification_artifact.insurance_verification_artifact.rejection_reason', 'ENUM', 'NON_FINAL', 'New')
2024-01-14 17:58:17 INFO: ('local_services_verification_artifact.insurance_verification_artifact.rejection_reason', 'ENUM', 'NO_COMMERCIAL_GENERAL_LIABILITY', 'New')
2024-01-14 17:58:17 INFO: ('local_services_verification_artifact.insurance_verification_artifact.rejection_reason', 'ENUM', 'NO_POLICY_NUMBER', 'New')
2024-01-14 17:58:17 INFO: ('local_services_verification_artifact.insurance_verification_artifact.rejection_reason', 'ENUM', 'NO_SIGNATURE', 'New')
2024-01-14 17:58:17 INFO: ('local_services_verification_artifact.insurance_verification_artifact.rejection_reason', 'ENUM', 'OTHER', 'New')
2024-01-14 17:58:17 INFO: ('local_services_verification_artifact.insurance_verification_artifact.rejection_reason', 'ENUM', 'POOR_QUALITY', 'New')
2024-01-14 17:58:17 INFO: ('local_services_verification_artifact.insurance_verification_artifact.rejection_reason', 'ENUM', 'POTENTIALLY_EDITED', 'New')
2024-01-14 17:58:17 INFO: ('local_services_verification_artifact.insurance_verification_artifact.rejection_reason', 'ENUM', 'UNKNOWN', 'New')
2024-01-14 17:58:17 INFO: ('local_services_verification_artifact.insurance_verification_artifact.rejection_reason', 'ENUM', 'UNSPECIFIED', 'New')
2024-01-14 17:58:17 INFO: ('local_services_verification_artifact.insurance_verification_artifact.rejection_reason', 'ENUM', 'WRONG_DOCUMENT_TYPE', 'New')
2024-01-14 17:58:17 INFO: ('local_services_verification_artifact.license_verification_artifact.license_document_readonly.document_url', 'STRING', None, 'New')
2024-01-14 17:58:17 INFO: ('local_services_verification_artifact.license_verification_artifact.license_number', 'STRING', None, 'New')
2024-01-14 17:58:17 INFO: ('local_services_verification_artifact.license_verification_artifact.license_type', 'STRING', None, 'New')
2024-01-14 17:58:17 INFO: ('local_services_verification_artifact.license_verification_artifact.licensee_first_name', 'STRING', None, 'New')
2024-01-14 17:58:17 INFO: ('local_services_verification_artifact.license_verification_artifact.licensee_last_name', 'STRING', None, 'New')
2024-01-14 17:58:17 INFO: ('local_services_verification_artifact.license_verification_artifact.rejection_reason', 'ENUM', 'BUSINESS_NAME_MISMATCH', 'New')
2024-01-14 17:58:17 INFO: ('local_services_verification_artifact.license_verification_artifact.rejection_reason', 'ENUM', 'EXPIRED', 'New')
2024-01-14 17:58:17 INFO: ('local_services_verification_artifact.license_verification_artifact.rejection_reason', 'ENUM', 'OTHER', 'New')
2024-01-14 17:58:17 INFO: ('local_services_verification_artifact.license_verification_artifact.rejection_reason', 'ENUM', 'POOR_QUALITY', 'New')
2024-01-14 17:58:17 INFO: ('local_services_verification_artifact.license_verification_artifact.rejection_reason', 'ENUM', 'UNAUTHORIZED', 'New')
2024-01-14 17:58:17 INFO: ('local_services_verification_artifact.license_verification_artifact.rejection_reason', 'ENUM', 'UNKNOWN', 'New')
2024-01-14 17:58:17 INFO: ('local_services_verification_artifact.license_verification_artifact.rejection_reason', 'ENUM', 'UNSPECIFIED', 'New')
2024-01-14 17:58:17 INFO: ('local_services_verification_artifact.license_verification_artifact.rejection_reason', 'ENUM', 'UNVERIFIABLE', 'New')
2024-01-14 17:58:17 INFO: ('local_services_verification_artifact.license_verification_artifact.rejection_reason', 'ENUM', 'WRONG_DOCUMENT_OR_ID', 'New')
2024-01-14 17:58:17 INFO: ('local_services_verification_artifact.resource_name', 'RESOURCE_NAME', None, 'New')
2024-01-14 17:58:17 INFO: ('local_services_verification_artifact.status', 'ENUM', 'CANCELLED', 'New')
2024-01-14 17:58:17 INFO: ('local_services_verification_artifact.status', 'ENUM', 'FAILED', 'New')
2024-01-14 17:58:17 INFO: ('local_services_verification_artifact.status', 'ENUM', 'NO_SUBMISSION', 'New')
2024-01-14 17:58:17 INFO: ('local_services_verification_artifact.status', 'ENUM', 'PASSED', 'New')
2024-01-14 17:58:17 INFO: ('local_services_verification_artifact.status', 'ENUM', 'PENDING', 'New')
2024-01-14 17:58:17 INFO: ('local_services_verification_artifact.status', 'ENUM', 'UNKNOWN', 'New')
2024-01-14 17:58:17 INFO: ('local_services_verification_artifact.status', 'ENUM', 'UNSPECIFIED', 'New')
2024-01-14 17:58:17 INFO: ('offline_conversion_upload_client_summary.alerts', 'MESSAGE', None, 'New')
2024-01-14 17:58:17 INFO: ('offline_conversion_upload_client_summary.client', 'ENUM', 'ADS_DATA_CONNECTOR', 'New')
2024-01-14 17:58:17 INFO: ('offline_conversion_upload_client_summary.client', 'ENUM', 'GOOGLE_ADS_API', 'New')
2024-01-14 17:58:17 INFO: ('offline_conversion_upload_client_summary.client', 'ENUM', 'GOOGLE_ADS_WEB_CLIENT', 'New')
2024-01-14 17:58:17 INFO: ('offline_conversion_upload_client_summary.client', 'ENUM', 'UNKNOWN', 'New')
2024-01-14 17:58:17 INFO: ('offline_conversion_upload_client_summary.client', 'ENUM', 'UNSPECIFIED', 'New')
2024-01-14 17:58:17 INFO: ('offline_conversion_upload_client_summary.daily_summaries', 'MESSAGE', None, 'New')
2024-01-14 17:58:17 INFO: ('offline_conversion_upload_client_summary.job_summaries', 'MESSAGE', None, 'New')
2024-01-14 17:58:17 INFO: ('offline_conversion_upload_client_summary.last_upload_date_time', 'DATE', None, 'New')
2024-01-14 17:58:17 INFO: ('offline_conversion_upload_client_summary.resource_name', 'RESOURCE_NAME', None, 'New')
2024-01-14 17:58:17 INFO: ('offline_conversion_upload_client_summary.status', 'ENUM', 'EXCELLENT', 'New')
2024-01-14 17:58:17 INFO: ('offline_conversion_upload_client_summary.status', 'ENUM', 'GOOD', 'New')
2024-01-14 17:58:17 INFO: ('offline_conversion_upload_client_summary.status', 'ENUM', 'NEEDS_ATTENTION', 'New')
2024-01-14 17:58:17 INFO: ('offline_conversion_upload_client_summary.status', 'ENUM', 'NO_RECENT_UPLOAD', 'New')
2024-01-14 17:58:17 INFO: ('offline_conversion_upload_client_summary.status', 'ENUM', 'UNKNOWN', 'New')
2024-01-14 17:58:17 INFO: ('offline_conversion_upload_client_summary.status', 'ENUM', 'UNSPECIFIED', 'New')
2024-01-14 17:58:17 INFO: ('offline_conversion_upload_client_summary.success_rate', 'DOUBLE', None, 'New')
2024-01-14 17:58:17 INFO: ('offline_conversion_upload_client_summary.successful_event_count', 'INT64', None, 'New')
2024-01-14 17:58:17 INFO: ('offline_conversion_upload_client_summary.total_event_count', 'INT64', None, 'New')
2024-01-14 17:58:17 INFO: ('product_category_constant.category_id', 'INT64', None, 'New')
2024-01-14 17:58:17 INFO: ('product_category_constant.level', 'ENUM', 'LEVEL1', 'New')
2024-01-14 17:58:17 INFO: ('product_category_constant.level', 'ENUM', 'LEVEL2', 'New')
2024-01-14 17:58:17 INFO: ('product_category_constant.level', 'ENUM', 'LEVEL3', 'New')
2024-01-14 17:58:17 INFO: ('product_category_constant.level', 'ENUM', 'LEVEL4', 'New')
2024-01-14 17:58:17 INFO: ('product_category_constant.level', 'ENUM', 'LEVEL5', 'New')
2024-01-14 17:58:17 INFO: ('product_category_constant.level', 'ENUM', 'UNKNOWN', 'New')
2024-01-14 17:58:17 INFO: ('product_category_constant.level', 'ENUM', 'UNSPECIFIED', 'New')
2024-01-14 17:58:17 INFO: ('product_category_constant.localizations', 'MESSAGE', None, 'New')
2024-01-14 17:58:17 INFO: ('product_category_constant.product_category_constant_parent', 'RESOURCE_NAME', None, 'New')
2024-01-14 17:58:17 INFO: ('product_category_constant.resource_name', 'RESOURCE_NAME', None, 'New')
2024-01-14 17:58:17 INFO: ('product_category_constant.state', 'ENUM', 'ENABLED', 'New')
2024-01-14 17:58:17 INFO: ('product_category_constant.state', 'ENUM', 'OBSOLETE', 'New')
2024-01-14 17:58:17 INFO: ('product_category_constant.state', 'ENUM', 'UNKNOWN', 'New')
2024-01-14 17:58:17 INFO: ('product_category_constant.state', 'ENUM', 'UNSPECIFIED', 'New')
2024-01-14 17:58:17 INFO: ('product_link_invitation.hotel_center.hotel_center_id', 'INT64', None, 'New')
2024-01-14 17:58:17 INFO: ('product_link_invitation.merchant_center.merchant_center_id', 'INT64', None, 'New')
2024-01-14 17:58:17 INFO: ('product_link_invitation.product_link_invitation_id', 'INT64', None, 'New')
2024-01-14 17:58:17 INFO: ('product_link_invitation.resource_name', 'RESOURCE_NAME', None, 'New')
2024-01-14 17:58:17 INFO: ('product_link_invitation.status', 'ENUM', 'ACCEPTED', 'New')
2024-01-14 17:58:17 INFO: ('product_link_invitation.status', 'ENUM', 'EXPIRED', 'New')
2024-01-14 17:58:17 INFO: ('product_link_invitation.status', 'ENUM', 'PENDING_APPROVAL', 'New')
2024-01-14 17:58:17 INFO: ('product_link_invitation.status', 'ENUM', 'REJECTED', 'New')
2024-01-14 17:58:17 INFO: ('product_link_invitation.status', 'ENUM', 'REQUESTED', 'New')
2024-01-14 17:58:17 INFO: ('product_link_invitation.status', 'ENUM', 'REVOKED', 'New')
2024-01-14 17:58:17 INFO: ('product_link_invitation.status', 'ENUM', 'UNKNOWN', 'New')
2024-01-14 17:58:17 INFO: ('product_link_invitation.status', 'ENUM', 'UNSPECIFIED', 'New')
2024-01-14 17:58:17 INFO: ('product_link_invitation.type', 'ENUM', 'DATA_PARTNER', 'New')
2024-01-14 17:58:17 INFO: ('product_link_invitation.type', 'ENUM', 'GOOGLE_ADS', 'New')
2024-01-14 17:58:17 INFO: ('product_link_invitation.type', 'ENUM', 'HOTEL_CENTER', 'New')
2024-01-14 17:58:17 INFO: ('product_link_invitation.type', 'ENUM', 'MERCHANT_CENTER', 'New')
2024-01-14 17:58:17 INFO: ('product_link_invitation.type', 'ENUM', 'UNKNOWN', 'New')
2024-01-14 17:58:17 INFO: ('product_link_invitation.type', 'ENUM', 'UNSPECIFIED', 'New')
2024-01-14 17:58:17 INFO: ('product_link.merchant_center.merchant_center_id', 'INT64', None, 'New')
2024-01-14 17:58:17 INFO: ('product_link.type', 'ENUM', 'HOTEL_CENTER', 'New')
2024-01-14 17:58:17 INFO: ('product_link.type', 'ENUM', 'MERCHANT_CENTER', 'New')
2024-01-14 17:58:17 INFO: ('recommendation_subscription.create_date_time', 'DATE', None, 'New')
2024-01-14 17:58:17 INFO: ('recommendation_subscription.modify_date_time', 'DATE', None, 'New')
2024-01-14 17:58:17 INFO: ('recommendation_subscription.resource_name', 'RESOURCE_NAME', None, 'New')
2024-01-14 17:58:17 INFO: ('recommendation_subscription.status', 'ENUM', 'ENABLED', 'New')
2024-01-14 17:58:17 INFO: ('recommendation_subscription.status', 'ENUM', 'PAUSED', 'New')
2024-01-14 17:58:17 INFO: ('recommendation_subscription.status', 'ENUM', 'UNKNOWN', 'New')
2024-01-14 17:58:17 INFO: ('recommendation_subscription.status', 'ENUM', 'UNSPECIFIED', 'New')
2024-01-14 17:58:17 INFO: ('recommendation_subscription.type', 'ENUM', 'CALLOUT_ASSET', 'New')
2024-01-14 17:58:17 INFO: ('recommendation_subscription.type', 'ENUM', 'CALL_ASSET', 'New')
2024-01-14 17:58:17 INFO: ('recommendation_subscription.type', 'ENUM', 'CAMPAIGN_BUDGET', 'New')
2024-01-14 17:58:17 INFO: ('recommendation_subscription.type', 'ENUM', 'DISPLAY_EXPANSION_OPT_IN', 'New')
2024-01-14 17:58:17 INFO: ('recommendation_subscription.type', 'ENUM', 'DYNAMIC_IMAGE_EXTENSION_OPT_IN', 'New')
2024-01-14 17:58:17 INFO: ('recommendation_subscription.type', 'ENUM', 'ENHANCED_CPC_OPT_IN', 'New')
2024-01-14 17:58:17 INFO: ('recommendation_subscription.type', 'ENUM', 'FORECASTING_CAMPAIGN_BUDGET', 'New')
2024-01-14 17:58:17 INFO: ('recommendation_subscription.type', 'ENUM', 'FORECASTING_SET_TARGET_CPA', 'New')
2024-01-14 17:58:17 INFO: ('recommendation_subscription.type', 'ENUM', 'FORECASTING_SET_TARGET_ROAS', 'New')
2024-01-14 17:58:17 INFO: ('recommendation_subscription.type', 'ENUM', 'IMPROVE_PERFORMANCE_MAX_AD_STRENGTH', 'New')
2024-01-14 17:58:17 INFO: ('recommendation_subscription.type', 'ENUM', 'KEYWORD', 'New')
2024-01-14 17:58:17 INFO: ('recommendation_subscription.type', 'ENUM', 'KEYWORD_MATCH_TYPE', 'New')
2024-01-14 17:58:17 INFO: ('recommendation_subscription.type', 'ENUM', 'LOWER_TARGET_ROAS', 'New')
2024-01-14 17:58:17 INFO: ('recommendation_subscription.type', 'ENUM', 'MARGINAL_ROI_CAMPAIGN_BUDGET', 'New')
2024-01-14 17:58:17 INFO: ('recommendation_subscription.type', 'ENUM', 'MAXIMIZE_CLICKS_OPT_IN', 'New')
2024-01-14 17:58:17 INFO: ('recommendation_subscription.type', 'ENUM', 'MAXIMIZE_CONVERSIONS_OPT_IN', 'New')
2024-01-14 17:58:17 INFO: ('recommendation_subscription.type', 'ENUM', 'MIGRATE_DYNAMIC_SEARCH_ADS_CAMPAIGN_TO_PERFORMANCE_MAX', 'New')
2024-01-14 17:58:17 INFO: ('recommendation_subscription.type', 'ENUM', 'MOVE_UNUSED_BUDGET', 'New')
2024-01-14 17:58:17 INFO: ('recommendation_subscription.type', 'ENUM', 'OPTIMIZE_AD_ROTATION', 'New')
2024-01-14 17:58:17 INFO: ('recommendation_subscription.type', 'ENUM', 'PERFORMANCE_MAX_OPT_IN', 'New')
2024-01-14 17:58:17 INFO: ('recommendation_subscription.type', 'ENUM', 'RAISE_TARGET_CPA', 'New')
2024-01-14 17:58:17 INFO: ('recommendation_subscription.type', 'ENUM', 'RAISE_TARGET_CPA_BID_TOO_LOW', 'New')
2024-01-14 17:58:17 INFO: ('recommendation_subscription.type', 'ENUM', 'RESPONSIVE_SEARCH_AD', 'New')
2024-01-14 17:58:17 INFO: ('recommendation_subscription.type', 'ENUM', 'RESPONSIVE_SEARCH_AD_ASSET', 'New')
2024-01-14 17:58:17 INFO: ('recommendation_subscription.type', 'ENUM', 'RESPONSIVE_SEARCH_AD_IMPROVE_AD_STRENGTH', 'New')
2024-01-14 17:58:17 INFO: ('recommendation_subscription.type', 'ENUM', 'SEARCH_PARTNERS_OPT_IN', 'New')
2024-01-14 17:58:17 INFO: ('recommendation_subscription.type', 'ENUM', 'SET_TARGET_CPA', 'New')
2024-01-14 17:58:17 INFO: ('recommendation_subscription.type', 'ENUM', 'SET_TARGET_ROAS', 'New')
2024-01-14 17:58:17 INFO: ('recommendation_subscription.type', 'ENUM', 'SHOPPING_ADD_AGE_GROUP', 'New')
2024-01-14 17:58:17 INFO: ('recommendation_subscription.type', 'ENUM', 'SHOPPING_ADD_COLOR', 'New')
2024-01-14 17:58:17 INFO: ('recommendation_subscription.type', 'ENUM', 'SHOPPING_ADD_GENDER', 'New')
2024-01-14 17:58:17 INFO: ('recommendation_subscription.type', 'ENUM', 'SHOPPING_ADD_GTIN', 'New')
2024-01-14 17:58:17 INFO: ('recommendation_subscription.type', 'ENUM', 'SHOPPING_ADD_MORE_IDENTIFIERS', 'New')
2024-01-14 17:58:17 INFO: ('recommendation_subscription.type', 'ENUM', 'SHOPPING_ADD_PRODUCTS_TO_CAMPAIGN', 'New')
2024-01-14 17:58:17 INFO: ('recommendation_subscription.type', 'ENUM', 'SHOPPING_ADD_SIZE', 'New')
2024-01-14 17:58:17 INFO: ('recommendation_subscription.type', 'ENUM', 'SHOPPING_FIX_DISAPPROVED_PRODUCTS', 'New')
2024-01-14 17:58:17 INFO: ('recommendation_subscription.type', 'ENUM', 'SHOPPING_FIX_MERCHANT_CENTER_ACCOUNT_SUSPENSION_WARNING', 'New')
2024-01-14 17:58:17 INFO: ('recommendation_subscription.type', 'ENUM', 'SHOPPING_FIX_SUSPENDED_MERCHANT_CENTER_ACCOUNT', 'New')
2024-01-14 17:58:17 INFO: ('recommendation_subscription.type', 'ENUM', 'SHOPPING_MIGRATE_REGULAR_SHOPPING_CAMPAIGN_OFFERS_TO_PERFORMANCE_MAX', 'New')
2024-01-14 17:58:17 INFO: ('recommendation_subscription.type', 'ENUM', 'SHOPPING_TARGET_ALL_OFFERS', 'New')
2024-01-14 17:58:17 INFO: ('recommendation_subscription.type', 'ENUM', 'SITELINK_ASSET', 'New')
2024-01-14 17:58:17 INFO: ('recommendation_subscription.type', 'ENUM', 'TARGET_CPA_OPT_IN', 'New')
2024-01-14 17:58:17 INFO: ('recommendation_subscription.type', 'ENUM', 'TARGET_ROAS_OPT_IN', 'New')
2024-01-14 17:58:17 INFO: ('recommendation_subscription.type', 'ENUM', 'TEXT_AD', 'New')
2024-01-14 17:58:17 INFO: ('recommendation_subscription.type', 'ENUM', 'UNKNOWN', 'New')
2024-01-14 17:58:17 INFO: ('recommendation_subscription.type', 'ENUM', 'UNSPECIFIED', 'New')
2024-01-14 17:58:17 INFO: ('recommendation_subscription.type', 'ENUM', 'UPGRADE_LOCAL_CAMPAIGN_TO_PERFORMANCE_MAX', 'New')
2024-01-14 17:58:17 INFO: ('recommendation_subscription.type', 'ENUM', 'UPGRADE_SMART_SHOPPING_CAMPAIGN_TO_PERFORMANCE_MAX', 'New')
2024-01-14 17:58:17 INFO: ('recommendation_subscription.type', 'ENUM', 'USE_BROAD_MATCH_KEYWORD', 'New')
2024-01-14 17:58:17 INFO: ('recommendation.forecasting_set_target_cpa_recommendation', 'MESSAGE', None, 'New')
2024-01-14 17:58:17 INFO: ('recommendation.set_target_cpa_recommendation', 'MESSAGE', None, 'New')
2024-01-14 17:58:17 INFO: ('recommendation.set_target_roas_recommendation', 'MESSAGE', None, 'New')
2024-01-14 17:58:17 INFO: ('recommendation.type', 'ENUM', 'FORECASTING_SET_TARGET_CPA', 'New')
2024-01-14 17:58:17 INFO: ('recommendation.type', 'ENUM', 'SET_TARGET_CPA', 'New')
2024-01-14 17:58:17 INFO: ('recommendation.type', 'ENUM', 'SET_TARGET_ROAS', 'New')
2024-01-14 17:58:17 INFO: ('shared_criterion.brand.entity_id', 'STRING', None, 'New')
2024-01-14 17:58:17 INFO: ('shared_criterion.type', 'ENUM', 'BRAND', 'New')
2024-01-14 17:58:17 INFO: ('shared_criterion.type', 'ENUM', 'BRAND_LIST', 'New')
2024-01-14 17:58:17 INFO: ('shared_criterion.type', 'ENUM', 'SEARCH_THEME', 'New')
2024-01-14 17:58:17 INFO: ('shared_set.type', 'ENUM', 'BRANDS', 'New')
2024-01-14 17:58:17 INFO: ('user_list.lookalike_user_list.country_codes', 'STRING', None, 'New')
2024-01-14 17:58:17 INFO: ('user_list.lookalike_user_list.expansion_level', 'ENUM', 'BALANCED', 'New')
2024-01-14 17:58:17 INFO: ('user_list.lookalike_user_list.expansion_level', 'ENUM', 'BROAD', 'New')
2024-01-14 17:58:17 INFO: ('user_list.lookalike_user_list.expansion_level', 'ENUM', 'NARROW', 'New')
2024-01-14 17:58:17 INFO: ('user_list.lookalike_user_list.expansion_level', 'ENUM', 'UNKNOWN', 'New')
2024-01-14 17:58:17 INFO: ('user_list.lookalike_user_list.expansion_level', 'ENUM', 'UNSPECIFIED', 'New')
2024-01-14 17:58:17 INFO: ('user_list.lookalike_user_list.seed_user_list_ids', 'INT64', None, 'New')
2024-01-14 17:58:17 INFO: ('user_list.type', 'ENUM', 'LOOKALIKE', 'New')
2024-01-14 18:34:55 INFO: -----Start check Resources table
2024-01-14 18:34:55 INFO: Number of record change from 159 to 171, different: 12
2024-01-14 18:34:55 INFO: Number of deleted records: 1 
2024-01-14 18:34:55 INFO: ('product_bidding_category_constant', 'A Product Bidding Category.', 0, 'Deleted')
2024-01-14 18:34:55 INFO: Number of new records: 0 
2024-01-14 18:38:20 INFO: -----Start check Resources table
2024-01-14 18:38:20 INFO: Number of record change from 159 to 171, different: 12
2024-01-14 18:38:20 INFO: Number of deleted records: 1 
2024-01-14 18:38:20 INFO: ('product_bidding_category_constant', 'A Product Bidding Category.', 0, 'Deleted')
2024-01-14 18:38:20 INFO: Number of new records: 13 
2024-01-14 18:38:20 INFO: ('android_privacy_shared_key_google_ad_group', 'An Android privacy shared key view for G', 0, 'New')
2024-01-14 18:38:20 INFO: ('android_privacy_shared_key_google_campaign', 'An Android privacy shared key view for G', 0, 'New')
2024-01-14 18:38:20 INFO: ('android_privacy_shared_key_google_network_type', 'An Android privacy shared key view for G', 0, 'New')
2024-01-14 18:38:20 INFO: ('asset_group_top_combination_view', 'A view on the usage of ad group ad asset', 0, 'New')
2024-01-14 18:38:20 INFO: ('campaign_lifecycle_goal', 'Campaign level customer lifecycle goal s', 0, 'New')
2024-01-14 18:38:20 INFO: ('customer_lifecycle_goal', 'Account level customer lifecycle goal se', 0, 'New')
2024-01-14 18:38:20 INFO: ('local_services_lead', 'Data from Local Services Lead. Contains ', 0, 'New')
2024-01-14 18:38:20 INFO: ('local_services_lead_conversation', 'Data from Local Services Lead Conversati', 0, 'New')
2024-01-14 18:38:20 INFO: ('local_services_verification_artifact', 'A local services verification resource.', 0, 'New')
2024-01-14 18:38:20 INFO: ('offline_conversion_upload_client_summary', 'Offline conversion upload client summary', 0, 'New')
2024-01-14 18:38:20 INFO: ('product_category_constant', 'A Product Category.', 0, 'New')
2024-01-14 18:38:20 INFO: ('product_link_invitation', 'Represents an invitation for data sharin', 0, 'New')
2024-01-14 18:38:20 INFO: ('recommendation_subscription', 'Recommendation Subscription resource', 0, 'New')
