INFO: Get link: https://developers.google.com/google-ads/api/fields/v15/overview
INFO: Link not change. New link still is: https://developers.google.com/google-ads/api/fields/v15/overview
INFO: Transform data successfully! Result saved in folder: outputdata/20240115_googleadsData
INFO: Load to table ResourceField successfully!
INFO: Load to table DataType successfully!
INFO: Load to table SelectableWith successfully!
INFO: Load to table Resources successfully!
INFO: Load to table ResourceFieldConnect successfully!
INFO: Load to table RelatedResource successfully!
INFO: Load to table ResourceField successfully!
INFO: Load to table DataType successfully!
INFO: Load to table SelectableWith successfully!
INFO: Load to table Resources successfully!
INFO: Load to table ResourceFieldConnect successfully!
INFO: Load to table RelatedResource successfully!
INFO: Load to table ResourceField successfully!
INFO: Load to table DataType successfully!
INFO: Load to table SelectableWith successfully!
INFO: Load to table ResourceField successfully!
INFO: Load to table DataType successfully!
INFO: Load to table SelectableWith successfully!
INFO: Load to table Resources successfully!
INFO: Load to table ResourceFieldConnect successfully!
INFO: Load to table RelatedResource successfully!
